This is WallDYN using C++ and pyWallDYN generated equations, C2017 K. Schmid
Current working directory:
	"/home/cloud/code/pyWallDYN/GITR_Coupling/cases/D_N_Al_W"
Command line argument listing:
	Argument 0: /home/cloud/code/pyWallDYN/setupMPI/release/walldyn_setup_MPI
	Argument 1: --input
	Argument 2: GITR_ProtoEmpex_W_N_Al.xml
	Argument 3: --wtd
	Argument 4: modelandruntime
	Argument 5: --minfloat
	Argument 6: 1.0E-14
	Argument 7: --valjac
	Argument 8: 0
	Argument 9: --verbostiy
	Argument 10: 0
	Argument 11: --compress
	Argument 12: 0
	Argument 13: --dolsys
	Argument 14: 0
Storing output files at 
Initial flux linear system will NOT be generated
Generating raw, uncompressed XML
Syncing string representations every 100000 string to conserve memory on non root nodes
NOT validating jacobian expressions
This is a RELEASE build!
	verbostiy level 0
Generating WallDYN model from GITR_ProtoEmpex_W_N_Al.xml
INFO->No linear system generation requested@NODE 2 >> Start parsing XML input
Parsed ElementData resulting in 4 elements
	INFO::Sequence of accumulating elements:
		WallDYN accumulating element number 0 with ID 1 name al
		WallDYN accumulating element number 1 with ID 2 name n
		WallDYN accumulating element number 2 with ID 3 name w
Parsed a WDWallModel2D entry with 94 wall tiles
Parsed per wall data for 94 wall tiles
Parsed IRedepModel ConstantWallPlasmaModel 
Parsed WDTimeDepTableFunc for 0 tables
Parsed WDSurfaceModelRZBulk1 surface model matrix for 4 elements on 94 wall tiles
Parsed WDEnergyModelSheath for element 0
Parsed WDEnergyModelSheath for element 1
Parsed WDEnergyModelSheath for element 2
Parsed WDEnergyModelSheath for element 3
INFO-->WDRedeposition::ParseXML->Using numeric (not symbolic) redeposition matrix values
Parsed redep matrix for element #1 with 4 charge states
Parsed redep matrix for element #2 with 4 charge states
Parsed redep matrix for element #3 with 4 charge states
Parsed redep matrix for 3 elements
Parsed IRedepModel WDRedeposition1 
INFO::sylddbentry4->Storing projectile d <-> WDID 0 / target al <-> WDID 1
INFO::sylddbentry4->Storing projectile d <-> WDID 0 / target n <-> WDID 2
INFO::sylddbentry4->Storing projectile d <-> WDID 0 / target w <-> WDID 3
INFO::sylddbentry4->Storing projectile al <-> WDID 1 / target al <-> WDID 1
INFO::sylddbentry4->Storing projectile al <-> WDID 1 / target n <-> WDID 2
INFO::sylddbentry4->Storing projectile al <-> WDID 1 / target w <-> WDID 3
INFO::sylddbentry4->Storing projectile n <-> WDID 2 / target al <-> WDID 1
INFO::sylddbentry4->Storing projectile n <-> WDID 2 / target n <-> WDID 2
INFO::sylddbentry4->Storing projectile n <-> WDID 2 / target w <-> WDID 3
INFO::sylddbentry4->Storing projectile w <-> WDID 3 / target al <-> WDID 1
INFO::sylddbentry4->Storing projectile w <-> WDID 3 / target n <-> WDID 2
INFO::sylddbentry4->Storing projectile w <-> WDID 3 / target w <-> WDID 3
INFO::sylddbentry4->Accumulating element number 0 in simulation corresponds to target element number 0 (al) in the sputter db
INFO::sylddbentry4->Accumulating element number 1 in simulation corresponds to target element number 1 (n) in the sputter db
INFO::sylddbentry4->Accumulating element number 2 in simulation corresponds to target element number 2 (w) in the sputter db
Parsed ISYieldModel WDSYieldModel4
INFO::rylddbentry4->Storing projectile d <-> WDID 0
INFO::rylddbentry4->Storing projectile al <-> WDID 1
INFO::rylddbentry4->Storing projectile n <-> WDID 2
INFO::rylddbentry4->Storing projectile w <-> WDID 3
Parsed IReflModel WDRYieldModel4@NODE 2 >> Completed parsing XML input
Merge targets with sputter & reflection models:
	Element #1 using erosion model WDSYieldModel4
	Element #2 using erosion model WDSYieldModel4
	Element #3 using erosion model WDSYieldModel4
	Element #1 using reflection model WDRYieldModel4
	Element #2 using reflection model WDRYieldModel4
	Element #3 using reflection model WDRYieldModel4
WallDYN accumulating element #0 = al matches accumulating element #0 = al from  model WDSYieldModel4
WallDYN accumulating element #1 = n matches accumulating element #1 = n from  model WDSYieldModel4
WallDYN accumulating element #2 = w matches accumulating element #2 = w from  model WDSYieldModel4
Element d has the same WallDYN ID 0 in the model WDSYieldModel4Element al has the same WallDYN ID 1 in the model WDSYieldModel4Element n has the same WallDYN ID 2 in the model WDSYieldModel4Element w has the same WallDYN ID 3 in the model WDSYieldModel4WallDYN accumulating element #0 = al matches accumulating element #0 = al from  model WDRYieldModel4
WallDYN accumulating element #1 = n matches accumulating element #1 = n from  model WDRYieldModel4
WallDYN accumulating element #2 = w matches accumulating element #2 = w from  model WDRYieldModel4
Element d has the same WallDYN ID 0 in the model WDRYieldModel4Element al has the same WallDYN ID 1 in the model WDRYieldModel4Element n has the same WallDYN ID 2 in the model WDRYieldModel4Element w has the same WallDYN ID 3 in the model WDRYieldModel4WallDYN accumulating element #0 = al matches accumulating element #0 = al from  model WDSYieldModel4
WallDYN accumulating element #1 = n matches accumulating element #1 = n from  model WDSYieldModel4
WallDYN accumulating element #2 = w matches accumulating element #2 = w from  model WDSYieldModel4
Element d has the same WallDYN ID 0 in the model WDSYieldModel4Element al has the same WallDYN ID 1 in the model WDSYieldModel4Element n has the same WallDYN ID 2 in the model WDSYieldModel4Element w has the same WallDYN ID 3 in the model WDSYieldModel4WallDYN accumulating element #0 = al matches accumulating element #0 = al from  model WDRYieldModel4
WallDYN accumulating element #1 = n matches accumulating element #1 = n from  model WDRYieldModel4
WallDYN accumulating element #2 = w matches accumulating element #2 = w from  model WDRYieldModel4
Element d has the same WallDYN ID 0 in the model WDRYieldModel4Element al has the same WallDYN ID 1 in the model WDRYieldModel4Element n has the same WallDYN ID 2 in the model WDRYieldModel4Element w has the same WallDYN ID 3 in the model WDRYieldModel4WallDYN accumulating element #0 = al matches accumulating element #0 = al from  model WDSYieldModel4
WallDYN accumulating element #1 = n matches accumulating element #1 = n from  model WDSYieldModel4
WallDYN accumulating element #2 = w matches accumulating element #2 = w from  model WDSYieldModel4
Element d has the same WallDYN ID 0 in the model WDSYieldModel4Element al has the same WallDYN ID 1 in the model WDSYieldModel4Element n has the same WallDYN ID 2 in the model WDSYieldModel4Element w has the same WallDYN ID 3 in the model WDSYieldModel4WallDYN accumulating element #0 = al matches accumulating element #0 = al from  model WDRYieldModel4
WallDYN accumulating element #1 = n matches accumulating element #1 = n from  model WDRYieldModel4
WallDYN accumulating element #2 = w matches accumulating element #2 = w from  model WDRYieldModel4
Element d has the same WallDYN ID 0 in the model WDRYieldModel4Element al has the same WallDYN ID 1 in the model WDRYieldModel4Element n has the same WallDYN ID 2 in the model WDRYieldModel4Element w has the same WallDYN ID 3 in the model WDRYieldModel4				Handling WDRedeposition::build_dynflux_list()
				build_dynflux_list() Completed
Building Composition ODE for 3 elements and flux linear system with dimension 12
Node 2 handling wall elements from 46 to 68
	@NODE 2 >> ErosionFlux Complete of element al on wall 46
	@NODE 2 >> ReflectedFlux Complete of element al on wall 46
	@NODE 2 >> ErosionFlux Complete of element n on wall 46
	@NODE 2 >> ReflectedFlux Complete of element n on wall 46
	@NODE 2 >> ErosionFlux Complete of element w on wall 46
	@NODE 2 >> ReflectedFlux Complete of element w on wall 46
	@NODE 2 >> ErosionFlux Complete of element al on wall 47
	@NODE 2 >> ReflectedFlux Complete of element al on wall 47
	@NODE 2 >> ErosionFlux Complete of element n on wall 47
	@NODE 2 >> ReflectedFlux Complete of element n on wall 47
	@NODE 2 >> ErosionFlux Complete of element w on wall 47
	@NODE 2 >> ReflectedFlux Complete of element w on wall 47
	@NODE 2 >> ErosionFlux Complete of element al on wall 48
	@NODE 2 >> ReflectedFlux Complete of element al on wall 48
	@NODE 2 >> ErosionFlux Complete of element n on wall 48
	@NODE 2 >> ReflectedFlux Complete of element n on wall 48
	@NODE 2 >> ErosionFlux Complete of element w on wall 48
	@NODE 2 >> ReflectedFlux Complete of element w on wall 48
	@NODE 2 >> ErosionFlux Complete of element al on wall 49
	@NODE 2 >> ReflectedFlux Complete of element al on wall 49
	@NODE 2 >> ErosionFlux Complete of element n on wall 49
	@NODE 2 >> ReflectedFlux Complete of element n on wall 49
	@NODE 2 >> ErosionFlux Complete of element w on wall 49
	@NODE 2 >> ReflectedFlux Complete of element w on wall 49
	@NODE 2 >> ErosionFlux Complete of element al on wall 50
	@NODE 2 >> ReflectedFlux Complete of element al on wall 50
	@NODE 2 >> ErosionFlux Complete of element n on wall 50
	@NODE 2 >> ReflectedFlux Complete of element n on wall 50
	@NODE 2 >> ErosionFlux Complete of element w on wall 50
	@NODE 2 >> ReflectedFlux Complete of element w on wall 50
	@NODE 2 >> ErosionFlux Complete of element al on wall 51
	@NODE 2 >> ReflectedFlux Complete of element al on wall 51
	@NODE 2 >> ErosionFlux Complete of element n on wall 51
	@NODE 2 >> ReflectedFlux Complete of element n on wall 51
	@NODE 2 >> ErosionFlux Complete of element w on wall 51
	@NODE 2 >> ReflectedFlux Complete of element w on wall 51
	@NODE 2 >> ErosionFlux Complete of element al on wall 52
	@NODE 2 >> ReflectedFlux Complete of element al on wall 52
	@NODE 2 >> ErosionFlux Complete of element n on wall 52
	@NODE 2 >> ReflectedFlux Complete of element n on wall 52
	@NODE 2 >> ErosionFlux Complete of element w on wall 52
	@NODE 2 >> ReflectedFlux Complete of element w on wall 52
	@NODE 2 >> ErosionFlux Complete of element al on wall 53
	@NODE 2 >> ReflectedFlux Complete of element al on wall 53
	@NODE 2 >> ErosionFlux Complete of element n on wall 53
	@NODE 2 >> ReflectedFlux Complete of element n on wall 53
	@NODE 2 >> ErosionFlux Complete of element w on wall 53
	@NODE 2 >> ReflectedFlux Complete of element w on wall 53
	@NODE 2 >> ErosionFlux Complete of element al on wall 54
	@NODE 2 >> ReflectedFlux Complete of element al on wall 54
	@NODE 2 >> ErosionFlux Complete of element n on wall 54
	@NODE 2 >> ReflectedFlux Complete of element n on wall 54
	@NODE 2 >> ErosionFlux Complete of element w on wall 54
	@NODE 2 >> ReflectedFlux Complete of element w on wall 54
	@NODE 2 >> ErosionFlux Complete of element al on wall 55
	@NODE 2 >> ReflectedFlux Complete of element al on wall 55
	@NODE 2 >> ErosionFlux Complete of element n on wall 55
	@NODE 2 >> ReflectedFlux Complete of element n on wall 55
	@NODE 2 >> ErosionFlux Complete of element w on wall 55
	@NODE 2 >> ReflectedFlux Complete of element w on wall 55
	@NODE 2 >> ErosionFlux Complete of element al on wall 56
	@NODE 2 >> ReflectedFlux Complete of element al on wall 56
	@NODE 2 >> ErosionFlux Complete of element n on wall 56
	@NODE 2 >> ReflectedFlux Complete of element n on wall 56
	@NODE 2 >> ErosionFlux Complete of element w on wall 56
	@NODE 2 >> ReflectedFlux Complete of element w on wall 56
	@NODE 2 >> ErosionFlux Complete of element al on wall 57
	@NODE 2 >> ReflectedFlux Complete of element al on wall 57
	@NODE 2 >> ErosionFlux Complete of element n on wall 57
	@NODE 2 >> ReflectedFlux Complete of element n on wall 57
	@NODE 2 >> ErosionFlux Complete of element w on wall 57
	@NODE 2 >> ReflectedFlux Complete of element w on wall 57
	@NODE 2 >> ErosionFlux Complete of element al on wall 58
	@NODE 2 >> ReflectedFlux Complete of element al on wall 58
	@NODE 2 >> ErosionFlux Complete of element n on wall 58
	@NODE 2 >> ReflectedFlux Complete of element n on wall 58
	@NODE 2 >> ErosionFlux Complete of element w on wall 58
	@NODE 2 >> ReflectedFlux Complete of element w on wall 58
	@NODE 2 >> ErosionFlux Complete of element al on wall 59
	@NODE 2 >> ReflectedFlux Complete of element al on wall 59
	@NODE 2 >> ErosionFlux Complete of element n on wall 59
	@NODE 2 >> ReflectedFlux Complete of element n on wall 59
	@NODE 2 >> ErosionFlux Complete of element w on wall 59
	@NODE 2 >> ReflectedFlux Complete of element w on wall 59
	@NODE 2 >> ErosionFlux Complete of element al on wall 60
	@NODE 2 >> ReflectedFlux Complete of element al on wall 60
	@NODE 2 >> ErosionFlux Complete of element n on wall 60
	@NODE 2 >> ReflectedFlux Complete of element n on wall 60
	@NODE 2 >> ErosionFlux Complete of element w on wall 60
	@NODE 2 >> ReflectedFlux Complete of element w on wall 60
	@NODE 2 >> ErosionFlux Complete of element al on wall 61
	@NODE 2 >> ReflectedFlux Complete of element al on wall 61
	@NODE 2 >> ErosionFlux Complete of element n on wall 61
	@NODE 2 >> ReflectedFlux Complete of element n on wall 61
	@NODE 2 >> ErosionFlux Complete of element w on wall 61
	@NODE 2 >> ReflectedFlux Complete of element w on wall 61
	@NODE 2 >> ErosionFlux Complete of element al on wall 62
	@NODE 2 >> ReflectedFlux Complete of element al on wall 62
	@NODE 2 >> ErosionFlux Complete of element n on wall 62
	@NODE 2 >> ReflectedFlux Complete of element n on wall 62
	@NODE 2 >> ErosionFlux Complete of element w on wall 62
	@NODE 2 >> ReflectedFlux Complete of element w on wall 62
	@NODE 2 >> ErosionFlux Complete of element al on wall 63
	@NODE 2 >> ReflectedFlux Complete of element al on wall 63
	@NODE 2 >> ErosionFlux Complete of element n on wall 63
	@NODE 2 >> ReflectedFlux Complete of element n on wall 63
	@NODE 2 >> ErosionFlux Complete of element w on wall 63
	@NODE 2 >> ReflectedFlux Complete of element w on wall 63
	@NODE 2 >> ErosionFlux Complete of element al on wall 64
	@NODE 2 >> ReflectedFlux Complete of element al on wall 64
	@NODE 2 >> ErosionFlux Complete of element n on wall 64
	@NODE 2 >> ReflectedFlux Complete of element n on wall 64
	@NODE 2 >> ErosionFlux Complete of element w on wall 64
	@NODE 2 >> ReflectedFlux Complete of element w on wall 64
	@NODE 2 >> ErosionFlux Complete of element al on wall 65
	@NODE 2 >> ReflectedFlux Complete of element al on wall 65
	@NODE 2 >> ErosionFlux Complete of element n on wall 65
	@NODE 2 >> ReflectedFlux Complete of element n on wall 65
	@NODE 2 >> ErosionFlux Complete of element w on wall 65
	@NODE 2 >> ReflectedFlux Complete of element w on wall 65
	@NODE 2 >> ErosionFlux Complete of element al on wall 66
	@NODE 2 >> ReflectedFlux Complete of element al on wall 66
	@NODE 2 >> ErosionFlux Complete of element n on wall 66
	@NODE 2 >> ReflectedFlux Complete of element n on wall 66
	@NODE 2 >> ErosionFlux Complete of element w on wall 66
	@NODE 2 >> ReflectedFlux Complete of element w on wall 66
	@NODE 2 >> ErosionFlux Complete of element al on wall 67
	@NODE 2 >> ReflectedFlux Complete of element al on wall 67
	@NODE 2 >> ErosionFlux Complete of element n on wall 67
	@NODE 2 >> ReflectedFlux Complete of element n on wall 67
	@NODE 2 >> ErosionFlux Complete of element w on wall 67
	@NODE 2 >> ReflectedFlux Complete of element w on wall 67
	@NODE 2 >> ErosionFlux Complete of element al on wall 68
	@NODE 2 >> ReflectedFlux Complete of element al on wall 68
	@NODE 2 >> ErosionFlux Complete of element n on wall 68
	@NODE 2 >> ReflectedFlux Complete of element n on wall 68
	@NODE 2 >> ErosionFlux Complete of element w on wall 68
	@NODE 2 >> ReflectedFlux Complete of element w on wall 68
	@NODE 2 >> ADensResiduumODE Complete of element al on wall 46
	@NODE 2 >> SFCResiduumODE Complete of element al on wall 46
	@NODE 2 >> ADensResiduumODE Complete of element n on wall 46
	@NODE 2 >> SFCResiduumODE Complete of element n on wall 46
	@NODE 2 >> ADensResiduumODE Complete of element w on wall 46
	@NODE 2 >> SFCResiduumODE Complete of element w on wall 46
		@NODE 2 >> BuildFluxExpressions completed Charge 0 of element al on wall 46
		@NODE 2 >> BuildFluxExpressions completed Charge 1 of element al on wall 46
		@NODE 2 >> BuildFluxExpressions completed Charge 2 of element al on wall 46
		@NODE 2 >> BuildFluxExpressions completed Charge 3 of element al on wall 46
		@NODE 2 >> BuildFluxExpressions completed Charge 0 of element n on wall 46
		@NODE 2 >> BuildFluxExpressions completed Charge 1 of element n on wall 46
		@NODE 2 >> BuildFluxExpressions completed Charge 2 of element n on wall 46
		@NODE 2 >> BuildFluxExpressions completed Charge 3 of element n on wall 46
		@NODE 2 >> BuildFluxExpressions completed Charge 0 of element w on wall 46
		@NODE 2 >> BuildFluxExpressions completed Charge 1 of element w on wall 46
		@NODE 2 >> BuildFluxExpressions completed Charge 2 of element w on wall 46
		@NODE 2 >> BuildFluxExpressions completed Charge 3 of element w on wall 46
		@NODE 2 >>Last wall element took 14.598 (ms) for 0 non-zero elements-> ETA: ~ 321.148 (ms) 
	@NODE 2 >> ADensResiduumODE Complete of element al on wall 47
	@NODE 2 >> SFCResiduumODE Complete of element al on wall 47
	@NODE 2 >> ADensResiduumODE Complete of element n on wall 47
	@NODE 2 >> SFCResiduumODE Complete of element n on wall 47
	@NODE 2 >> ADensResiduumODE Complete of element w on wall 47
	@NODE 2 >> SFCResiduumODE Complete of element w on wall 47
		@NODE 2 >> BuildFluxExpressions completed Charge 0 of element al on wall 47
		@NODE 2 >> BuildFluxExpressions completed Charge 1 of element al on wall 47
		@NODE 2 >> BuildFluxExpressions completed Charge 2 of element al on wall 47
		@NODE 2 >> BuildFluxExpressions completed Charge 3 of element al on wall 47
		@NODE 2 >> BuildFluxExpressions completed Charge 0 of element n on wall 47
		@NODE 2 >> BuildFluxExpressions completed Charge 1 of element n on wall 47
		@NODE 2 >> BuildFluxExpressions completed Charge 2 of element n on wall 47
		@NODE 2 >> BuildFluxExpressions completed Charge 3 of element n on wall 47
		@NODE 2 >> BuildFluxExpressions completed Charge 0 of element w on wall 47
		@NODE 2 >> BuildFluxExpressions completed Charge 1 of element w on wall 47
		@NODE 2 >> BuildFluxExpressions completed Charge 2 of element w on wall 47
		@NODE 2 >> BuildFluxExpressions completed Charge 3 of element w on wall 47
		@NODE 2 >>Last wall element took 13.170 (ms) for 0 non-zero elements-> ETA: ~ 276.574 (ms) 
	@NODE 2 >> ADensResiduumODE Complete of element al on wall 48
	@NODE 2 >> SFCResiduumODE Complete of element al on wall 48
	@NODE 2 >> ADensResiduumODE Complete of element n on wall 48
	@NODE 2 >> SFCResiduumODE Complete of element n on wall 48
	@NODE 2 >> ADensResiduumODE Complete of element w on wall 48
	@NODE 2 >> SFCResiduumODE Complete of element w on wall 48
		@NODE 2 >> BuildFluxExpressions completed Charge 0 of element al on wall 48
		@NODE 2 >> BuildFluxExpressions completed Charge 1 of element al on wall 48
		@NODE 2 >> BuildFluxExpressions completed Charge 2 of element al on wall 48
		@NODE 2 >> BuildFluxExpressions completed Charge 3 of element al on wall 48
		@NODE 2 >> BuildFluxExpressions completed Charge 0 of element n on wall 48
		@NODE 2 >> BuildFluxExpressions completed Charge 1 of element n on wall 48
		@NODE 2 >> BuildFluxExpressions completed Charge 2 of element n on wall 48
		@NODE 2 >> BuildFluxExpressions completed Charge 3 of element n on wall 48
		@NODE 2 >> BuildFluxExpressions completed Charge 0 of element w on wall 48
		@NODE 2 >> BuildFluxExpressions completed Charge 1 of element w on wall 48
		@NODE 2 >> BuildFluxExpressions completed Charge 2 of element w on wall 48
		@NODE 2 >> BuildFluxExpressions completed Charge 3 of element w on wall 48
		@NODE 2 >>Last wall element took 13.258 (ms) for 0 non-zero elements-> ETA: ~ 265.157 (ms) 
	@NODE 2 >> ADensResiduumODE Complete of element al on wall 49
	@NODE 2 >> SFCResiduumODE Complete of element al on wall 49
	@NODE 2 >> ADensResiduumODE Complete of element n on wall 49
	@NODE 2 >> SFCResiduumODE Complete of element n on wall 49
	@NODE 2 >> ADensResiduumODE Complete of element w on wall 49
	@NODE 2 >> SFCResiduumODE Complete of element w on wall 49
		@NODE 2 >> BuildFluxExpressions completed Charge 0 of element al on wall 49
		@NODE 2 >> BuildFluxExpressions completed Charge 1 of element al on wall 49
		@NODE 2 >> BuildFluxExpressions completed Charge 2 of element al on wall 49
		@NODE 2 >> BuildFluxExpressions completed Charge 3 of element al on wall 49
		@NODE 2 >> BuildFluxExpressions completed Charge 0 of element n on wall 49
		@NODE 2 >> BuildFluxExpressions completed Charge 1 of element n on wall 49
		@NODE 2 >> BuildFluxExpressions completed Charge 2 of element n on wall 49
		@NODE 2 >> BuildFluxExpressions completed Charge 3 of element n on wall 49
		@NODE 2 >> BuildFluxExpressions completed Charge 0 of element w on wall 49
		@NODE 2 >> BuildFluxExpressions completed Charge 1 of element w on wall 49
		@NODE 2 >> BuildFluxExpressions completed Charge 2 of element w on wall 49
		@NODE 2 >> BuildFluxExpressions completed Charge 3 of element w on wall 49
		@NODE 2 >>Last wall element took 13.304 (ms) for 0 non-zero elements-> ETA: ~ 252.783 (ms) 
	@NODE 2 >> ADensResiduumODE Complete of element al on wall 50
	@NODE 2 >> SFCResiduumODE Complete of element al on wall 50
	@NODE 2 >> ADensResiduumODE Complete of element n on wall 50
	@NODE 2 >> SFCResiduumODE Complete of element n on wall 50
	@NODE 2 >> ADensResiduumODE Complete of element w on wall 50
	@NODE 2 >> SFCResiduumODE Complete of element w on wall 50
		@NODE 2 >> BuildFluxExpressions completed Charge 0 of element al on wall 50
		@NODE 2 >> BuildFluxExpressions completed Charge 1 of element al on wall 50
		@NODE 2 >> BuildFluxExpressions completed Charge 2 of element al on wall 50
		@NODE 2 >> BuildFluxExpressions completed Charge 3 of element al on wall 50
		@NODE 2 >> BuildFluxExpressions completed Charge 0 of element n on wall 50
		@NODE 2 >> BuildFluxExpressions completed Charge 1 of element n on wall 50
		@NODE 2 >> BuildFluxExpressions completed Charge 2 of element n on wall 50
		@NODE 2 >> BuildFluxExpressions completed Charge 3 of element n on wall 50
		@NODE 2 >> BuildFluxExpressions completed Charge 0 of element w on wall 50
		@NODE 2 >> BuildFluxExpressions completed Charge 1 of element w on wall 50
		@NODE 2 >> BuildFluxExpressions completed Charge 2 of element w on wall 50
		@NODE 2 >> BuildFluxExpressions completed Charge 3 of element w on wall 50
		@NODE 2 >>Last wall element took 13.067 (ms) for 0 non-zero elements-> ETA: ~ 235.204 (ms) 
	@NODE 2 >> ADensResiduumODE Complete of element al on wall 51
	@NODE 2 >> SFCResiduumODE Complete of element al on wall 51
	@NODE 2 >> ADensResiduumODE Complete of element n on wall 51
	@NODE 2 >> SFCResiduumODE Complete of element n on wall 51
	@NODE 2 >> ADensResiduumODE Complete of element w on wall 51
	@NODE 2 >> SFCResiduumODE Complete of element w on wall 51
		@NODE 2 >> BuildFluxExpressions completed Charge 0 of element al on wall 51
		@NODE 2 >> BuildFluxExpressions completed Charge 1 of element al on wall 51
		@NODE 2 >> BuildFluxExpressions completed Charge 2 of element al on wall 51
		@NODE 2 >> BuildFluxExpressions completed Charge 3 of element al on wall 51
		@NODE 2 >> BuildFluxExpressions completed Charge 0 of element n on wall 51
		@NODE 2 >> BuildFluxExpressions completed Charge 1 of element n on wall 51
		@NODE 2 >> BuildFluxExpressions completed Charge 2 of element n on wall 51
		@NODE 2 >> BuildFluxExpressions completed Charge 3 of element n on wall 51
		@NODE 2 >> BuildFluxExpressions completed Charge 0 of element w on wall 51
		@NODE 2 >> BuildFluxExpressions completed Charge 1 of element w on wall 51
		@NODE 2 >> BuildFluxExpressions completed Charge 2 of element w on wall 51
		@NODE 2 >> BuildFluxExpressions completed Charge 3 of element w on wall 51
		@NODE 2 >>Last wall element took 13.677 (ms) for 0 non-zero elements-> ETA: ~ 232.501 (ms) 
	@NODE 2 >> ADensResiduumODE Complete of element al on wall 52
	@NODE 2 >> SFCResiduumODE Complete of element al on wall 52
	@NODE 2 >> ADensResiduumODE Complete of element n on wall 52
	@NODE 2 >> SFCResiduumODE Complete of element n on wall 52
	@NODE 2 >> ADensResiduumODE Complete of element w on wall 52
	@NODE 2 >> SFCResiduumODE Complete of element w on wall 52
		@NODE 2 >> BuildFluxExpressions completed Charge 0 of element al on wall 52
		@NODE 2 >> BuildFluxExpressions completed Charge 1 of element al on wall 52
		@NODE 2 >> BuildFluxExpressions completed Charge 2 of element al on wall 52
		@NODE 2 >> BuildFluxExpressions completed Charge 3 of element al on wall 52
		@NODE 2 >> BuildFluxExpressions completed Charge 0 of element n on wall 52
		@NODE 2 >> BuildFluxExpressions completed Charge 1 of element n on wall 52
		@NODE 2 >> BuildFluxExpressions completed Charge 2 of element n on wall 52
		@NODE 2 >> BuildFluxExpressions completed Charge 3 of element n on wall 52
		@NODE 2 >> BuildFluxExpressions completed Charge 0 of element w on wall 52
		@NODE 2 >> BuildFluxExpressions completed Charge 1 of element w on wall 52
		@NODE 2 >> BuildFluxExpressions completed Charge 2 of element w on wall 52
		@NODE 2 >> BuildFluxExpressions completed Charge 3 of element w on wall 52
		@NODE 2 >>Last wall element took 13.286 (ms) for 0 non-zero elements-> ETA: ~ 212.569 (ms) 
	@NODE 2 >> ADensResiduumODE Complete of element al on wall 53
	@NODE 2 >> SFCResiduumODE Complete of element al on wall 53
	@NODE 2 >> ADensResiduumODE Complete of element n on wall 53
	@NODE 2 >> SFCResiduumODE Complete of element n on wall 53
	@NODE 2 >> ADensResiduumODE Complete of element w on wall 53
	@NODE 2 >> SFCResiduumODE Complete of element w on wall 53
		@NODE 2 >> BuildFluxExpressions completed Charge 0 of element al on wall 53
		@NODE 2 >> BuildFluxExpressions completed Charge 1 of element al on wall 53
		@NODE 2 >> BuildFluxExpressions completed Charge 2 of element al on wall 53
		@NODE 2 >> BuildFluxExpressions completed Charge 3 of element al on wall 53
		@NODE 2 >> BuildFluxExpressions completed Charge 0 of element n on wall 53
		@NODE 2 >> BuildFluxExpressions completed Charge 1 of element n on wall 53
		@NODE 2 >> BuildFluxExpressions completed Charge 2 of element n on wall 53
		@NODE 2 >> BuildFluxExpressions completed Charge 3 of element n on wall 53
		@NODE 2 >> BuildFluxExpressions completed Charge 0 of element w on wall 53
		@NODE 2 >> BuildFluxExpressions completed Charge 1 of element w on wall 53
		@NODE 2 >> BuildFluxExpressions completed Charge 2 of element w on wall 53
		@NODE 2 >> BuildFluxExpressions completed Charge 3 of element w on wall 53
		@NODE 2 >>Last wall element took 13.054 (ms) for 0 non-zero elements-> ETA: ~ 195.816 (ms) 
	@NODE 2 >> ADensResiduumODE Complete of element al on wall 54
	@NODE 2 >> SFCResiduumODE Complete of element al on wall 54
	@NODE 2 >> ADensResiduumODE Complete of element n on wall 54
	@NODE 2 >> SFCResiduumODE Complete of element n on wall 54
	@NODE 2 >> ADensResiduumODE Complete of element w on wall 54
	@NODE 2 >> SFCResiduumODE Complete of element w on wall 54
		@NODE 2 >> BuildFluxExpressions completed Charge 0 of element al on wall 54
		@NODE 2 >> BuildFluxExpressions completed Charge 1 of element al on wall 54
		@NODE 2 >> BuildFluxExpressions completed Charge 2 of element al on wall 54
		@NODE 2 >> BuildFluxExpressions completed Charge 3 of element al on wall 54
		@NODE 2 >> BuildFluxExpressions completed Charge 0 of element n on wall 54
		@NODE 2 >> BuildFluxExpressions completed Charge 1 of element n on wall 54
		@NODE 2 >> BuildFluxExpressions completed Charge 2 of element n on wall 54
		@NODE 2 >> BuildFluxExpressions completed Charge 3 of element n on wall 54
		@NODE 2 >> BuildFluxExpressions completed Charge 0 of element w on wall 54
		@NODE 2 >> BuildFluxExpressions completed Charge 1 of element w on wall 54
		@NODE 2 >> BuildFluxExpressions completed Charge 2 of element w on wall 54
		@NODE 2 >> BuildFluxExpressions completed Charge 3 of element w on wall 54
		@NODE 2 >>Last wall element took 13.314 (ms) for 0 non-zero elements-> ETA: ~ 186.401 (ms) 
	@NODE 2 >> ADensResiduumODE Complete of element al on wall 55
	@NODE 2 >> SFCResiduumODE Complete of element al on wall 55
	@NODE 2 >> ADensResiduumODE Complete of element n on wall 55
	@NODE 2 >> SFCResiduumODE Complete of element n on wall 55
	@NODE 2 >> ADensResiduumODE Complete of element w on wall 55
	@NODE 2 >> SFCResiduumODE Complete of element w on wall 55
		@NODE 2 >> BuildFluxExpressions completed Charge 0 of element al on wall 55
		@NODE 2 >> BuildFluxExpressions completed Charge 1 of element al on wall 55
		@NODE 2 >> BuildFluxExpressions completed Charge 2 of element al on wall 55
		@NODE 2 >> BuildFluxExpressions completed Charge 3 of element al on wall 55
		@NODE 2 >> BuildFluxExpressions completed Charge 0 of element n on wall 55
		@NODE 2 >> BuildFluxExpressions completed Charge 1 of element n on wall 55
		@NODE 2 >> BuildFluxExpressions completed Charge 2 of element n on wall 55
		@NODE 2 >> BuildFluxExpressions completed Charge 3 of element n on wall 55
		@NODE 2 >> BuildFluxExpressions completed Charge 0 of element w on wall 55
		@NODE 2 >> BuildFluxExpressions completed Charge 1 of element w on wall 55
		@NODE 2 >> BuildFluxExpressions completed Charge 2 of element w on wall 55
		@NODE 2 >> BuildFluxExpressions completed Charge 3 of element w on wall 55
		@NODE 2 >>Last wall element took 13.275 (ms) for 0 non-zero elements-> ETA: ~ 172.574 (ms) 
	@NODE 2 >> ADensResiduumODE Complete of element al on wall 56
	@NODE 2 >> SFCResiduumODE Complete of element al on wall 56
	@NODE 2 >> ADensResiduumODE Complete of element n on wall 56
	@NODE 2 >> SFCResiduumODE Complete of element n on wall 56
	@NODE 2 >> ADensResiduumODE Complete of element w on wall 56
	@NODE 2 >> SFCResiduumODE Complete of element w on wall 56
		@NODE 2 >> BuildFluxExpressions completed Charge 0 of element al on wall 56
		@NODE 2 >> BuildFluxExpressions completed Charge 1 of element al on wall 56
		@NODE 2 >> BuildFluxExpressions completed Charge 2 of element al on wall 56
		@NODE 2 >> BuildFluxExpressions completed Charge 3 of element al on wall 56
		@NODE 2 >> BuildFluxExpressions completed Charge 0 of element n on wall 56
		@NODE 2 >> BuildFluxExpressions completed Charge 1 of element n on wall 56
		@NODE 2 >> BuildFluxExpressions completed Charge 2 of element n on wall 56
		@NODE 2 >> BuildFluxExpressions completed Charge 3 of element n on wall 56
		@NODE 2 >> BuildFluxExpressions completed Charge 0 of element w on wall 56
		@NODE 2 >> BuildFluxExpressions completed Charge 1 of element w on wall 56
		@NODE 2 >> BuildFluxExpressions completed Charge 2 of element w on wall 56
		@NODE 2 >> BuildFluxExpressions completed Charge 3 of element w on wall 56
		@NODE 2 >>Last wall element took 13.638 (ms) for 0 non-zero elements-> ETA: ~ 163.657 (ms) 
	@NODE 2 >> ADensResiduumODE Complete of element al on wall 57
	@NODE 2 >> SFCResiduumODE Complete of element al on wall 57
	@NODE 2 >> ADensResiduumODE Complete of element n on wall 57
	@NODE 2 >> SFCResiduumODE Complete of element n on wall 57
	@NODE 2 >> ADensResiduumODE Complete of element w on wall 57
	@NODE 2 >> SFCResiduumODE Complete of element w on wall 57
		@NODE 2 >> BuildFluxExpressions completed Charge 0 of element al on wall 57
		@NODE 2 >> BuildFluxExpressions completed Charge 1 of element al on wall 57
		@NODE 2 >> BuildFluxExpressions completed Charge 2 of element al on wall 57
		@NODE 2 >> BuildFluxExpressions completed Charge 3 of element al on wall 57
		@NODE 2 >> BuildFluxExpressions completed Charge 0 of element n on wall 57
		@NODE 2 >> BuildFluxExpressions completed Charge 1 of element n on wall 57
		@NODE 2 >> BuildFluxExpressions completed Charge 2 of element n on wall 57
		@NODE 2 >> BuildFluxExpressions completed Charge 3 of element n on wall 57
		@NODE 2 >> BuildFluxExpressions completed Charge 0 of element w on wall 57
		@NODE 2 >> BuildFluxExpressions completed Charge 1 of element w on wall 57
		@NODE 2 >> BuildFluxExpressions completed Charge 2 of element w on wall 57
		@NODE 2 >> BuildFluxExpressions completed Charge 3 of element w on wall 57
		@NODE 2 >>Last wall element took 13.286 (ms) for 0 non-zero elements-> ETA: ~ 146.149 (ms) 
	@NODE 2 >> ADensResiduumODE Complete of element al on wall 58
	@NODE 2 >> SFCResiduumODE Complete of element al on wall 58
	@NODE 2 >> ADensResiduumODE Complete of element n on wall 58
	@NODE 2 >> SFCResiduumODE Complete of element n on wall 58
	@NODE 2 >> ADensResiduumODE Complete of element w on wall 58
	@NODE 2 >> SFCResiduumODE Complete of element w on wall 58
		@NODE 2 >> BuildFluxExpressions completed Charge 0 of element al on wall 58
		@NODE 2 >> BuildFluxExpressions completed Charge 1 of element al on wall 58
		@NODE 2 >> BuildFluxExpressions completed Charge 2 of element al on wall 58
		@NODE 2 >> BuildFluxExpressions completed Charge 3 of element al on wall 58
		@NODE 2 >> BuildFluxExpressions completed Charge 0 of element n on wall 58
		@NODE 2 >> BuildFluxExpressions completed Charge 1 of element n on wall 58
		@NODE 2 >> BuildFluxExpressions completed Charge 2 of element n on wall 58
		@NODE 2 >> BuildFluxExpressions completed Charge 3 of element n on wall 58
		@NODE 2 >> BuildFluxExpressions completed Charge 0 of element w on wall 58
		@NODE 2 >> BuildFluxExpressions completed Charge 1 of element w on wall 58
		@NODE 2 >> BuildFluxExpressions completed Charge 2 of element w on wall 58
		@NODE 2 >> BuildFluxExpressions completed Charge 3 of element w on wall 58
		@NODE 2 >>Last wall element took 12.773 (ms) for 0 non-zero elements-> ETA: ~ 127.731 (ms) 
	@NODE 2 >> ADensResiduumODE Complete of element al on wall 59
	@NODE 2 >> SFCResiduumODE Complete of element al on wall 59
	@NODE 2 >> ADensResiduumODE Complete of element n on wall 59
	@NODE 2 >> SFCResiduumODE Complete of element n on wall 59
	@NODE 2 >> ADensResiduumODE Complete of element w on wall 59
	@NODE 2 >> SFCResiduumODE Complete of element w on wall 59
		@NODE 2 >> BuildFluxExpressions completed Charge 0 of element al on wall 59
		@NODE 2 >> BuildFluxExpressions completed Charge 1 of element al on wall 59
		@NODE 2 >> BuildFluxExpressions completed Charge 2 of element al on wall 59
		@NODE 2 >> BuildFluxExpressions completed Charge 3 of element al on wall 59
		@NODE 2 >> BuildFluxExpressions completed Charge 0 of element n on wall 59
		@NODE 2 >> BuildFluxExpressions completed Charge 1 of element n on wall 59
		@NODE 2 >> BuildFluxExpressions completed Charge 2 of element n on wall 59
		@NODE 2 >> BuildFluxExpressions completed Charge 3 of element n on wall 59
		@NODE 2 >> BuildFluxExpressions completed Charge 0 of element w on wall 59
		@NODE 2 >> BuildFluxExpressions completed Charge 1 of element w on wall 59
		@NODE 2 >> BuildFluxExpressions completed Charge 2 of element w on wall 59
		@NODE 2 >> BuildFluxExpressions completed Charge 3 of element w on wall 59
		@NODE 2 >>Last wall element took 12.833 (ms) for 0 non-zero elements-> ETA: ~ 115.494 (ms) 
	@NODE 2 >> ADensResiduumODE Complete of element al on wall 60
	@NODE 2 >> SFCResiduumODE Complete of element al on wall 60
	@NODE 2 >> ADensResiduumODE Complete of element n on wall 60
	@NODE 2 >> SFCResiduumODE Complete of element n on wall 60
	@NODE 2 >> ADensResiduumODE Complete of element w on wall 60
	@NODE 2 >> SFCResiduumODE Complete of element w on wall 60
		@NODE 2 >> BuildFluxExpressions completed Charge 0 of element al on wall 60
		@NODE 2 >> BuildFluxExpressions completed Charge 1 of element al on wall 60
		@NODE 2 >> BuildFluxExpressions completed Charge 2 of element al on wall 60
		@NODE 2 >> BuildFluxExpressions completed Charge 3 of element al on wall 60
		@NODE 2 >> BuildFluxExpressions completed Charge 0 of element n on wall 60
		@NODE 2 >> BuildFluxExpressions completed Charge 1 of element n on wall 60
		@NODE 2 >> BuildFluxExpressions completed Charge 2 of element n on wall 60
		@NODE 2 >> BuildFluxExpressions completed Charge 3 of element n on wall 60
		@NODE 2 >> BuildFluxExpressions completed Charge 0 of element w on wall 60
		@NODE 2 >> BuildFluxExpressions completed Charge 1 of element w on wall 60
		@NODE 2 >> BuildFluxExpressions completed Charge 2 of element w on wall 60
		@NODE 2 >> BuildFluxExpressions completed Charge 3 of element w on wall 60
		@NODE 2 >>Last wall element took 12.880 (ms) for 0 non-zero elements-> ETA: ~ 103.038 (ms) 
	@NODE 2 >> ADensResiduumODE Complete of element al on wall 61
	@NODE 2 >> SFCResiduumODE Complete of element al on wall 61
	@NODE 2 >> ADensResiduumODE Complete of element n on wall 61
	@NODE 2 >> SFCResiduumODE Complete of element n on wall 61
	@NODE 2 >> ADensResiduumODE Complete of element w on wall 61
	@NODE 2 >> SFCResiduumODE Complete of element w on wall 61
		@NODE 2 >> BuildFluxExpressions completed Charge 0 of element al on wall 61
		@NODE 2 >> BuildFluxExpressions completed Charge 1 of element al on wall 61
		@NODE 2 >> BuildFluxExpressions completed Charge 2 of element al on wall 61
		@NODE 2 >> BuildFluxExpressions completed Charge 3 of element al on wall 61
		@NODE 2 >> BuildFluxExpressions completed Charge 0 of element n on wall 61
		@NODE 2 >> BuildFluxExpressions completed Charge 1 of element n on wall 61
		@NODE 2 >> BuildFluxExpressions completed Charge 2 of element n on wall 61
		@NODE 2 >> BuildFluxExpressions completed Charge 3 of element n on wall 61
		@NODE 2 >> BuildFluxExpressions completed Charge 0 of element w on wall 61
		@NODE 2 >> BuildFluxExpressions completed Charge 1 of element w on wall 61
		@NODE 2 >> BuildFluxExpressions completed Charge 2 of element w on wall 61
		@NODE 2 >> BuildFluxExpressions completed Charge 3 of element w on wall 61
		@NODE 2 >>Last wall element took 12.231 (ms) for 0 non-zero elements-> ETA: ~ 85.616 (ms) 
	@NODE 2 >> ADensResiduumODE Complete of element al on wall 62
	@NODE 2 >> SFCResiduumODE Complete of element al on wall 62
	@NODE 2 >> ADensResiduumODE Complete of element n on wall 62
	@NODE 2 >> SFCResiduumODE Complete of element n on wall 62
	@NODE 2 >> ADensResiduumODE Complete of element w on wall 62
	@NODE 2 >> SFCResiduumODE Complete of element w on wall 62
		@NODE 2 >> BuildFluxExpressions completed Charge 0 of element al on wall 62
		@NODE 2 >> BuildFluxExpressions completed Charge 1 of element al on wall 62
		@NODE 2 >> BuildFluxExpressions completed Charge 2 of element al on wall 62
		@NODE 2 >> BuildFluxExpressions completed Charge 3 of element al on wall 62
		@NODE 2 >> BuildFluxExpressions completed Charge 0 of element n on wall 62
		@NODE 2 >> BuildFluxExpressions completed Charge 1 of element n on wall 62
		@NODE 2 >> BuildFluxExpressions completed Charge 2 of element n on wall 62
		@NODE 2 >> BuildFluxExpressions completed Charge 3 of element n on wall 62
		@NODE 2 >> BuildFluxExpressions completed Charge 0 of element w on wall 62
		@NODE 2 >> BuildFluxExpressions completed Charge 1 of element w on wall 62
		@NODE 2 >> BuildFluxExpressions completed Charge 2 of element w on wall 62
		@NODE 2 >> BuildFluxExpressions completed Charge 3 of element w on wall 62
		@NODE 2 >>Last wall element took 12.884 (ms) for 0 non-zero elements-> ETA: ~ 77.305 (ms) 
	@NODE 2 >> ADensResiduumODE Complete of element al on wall 63
	@NODE 2 >> SFCResiduumODE Complete of element al on wall 63
	@NODE 2 >> ADensResiduumODE Complete of element n on wall 63
	@NODE 2 >> SFCResiduumODE Complete of element n on wall 63
	@NODE 2 >> ADensResiduumODE Complete of element w on wall 63
	@NODE 2 >> SFCResiduumODE Complete of element w on wall 63
		@NODE 2 >> BuildFluxExpressions completed Charge 0 of element al on wall 63
		@NODE 2 >> BuildFluxExpressions completed Charge 1 of element al on wall 63
		@NODE 2 >> BuildFluxExpressions completed Charge 2 of element al on wall 63
		@NODE 2 >> BuildFluxExpressions completed Charge 3 of element al on wall 63
		@NODE 2 >> BuildFluxExpressions completed Charge 0 of element n on wall 63
		@NODE 2 >> BuildFluxExpressions completed Charge 1 of element n on wall 63
		@NODE 2 >> BuildFluxExpressions completed Charge 2 of element n on wall 63
		@NODE 2 >> BuildFluxExpressions completed Charge 3 of element n on wall 63
		@NODE 2 >> BuildFluxExpressions completed Charge 0 of element w on wall 63
		@NODE 2 >> BuildFluxExpressions completed Charge 1 of element w on wall 63
		@NODE 2 >> BuildFluxExpressions completed Charge 2 of element w on wall 63
		@NODE 2 >> BuildFluxExpressions completed Charge 3 of element w on wall 63
		@NODE 2 >>Last wall element took 13.689 (ms) for 0 non-zero elements-> ETA: ~ 68.443 (ms) 
	@NODE 2 >> ADensResiduumODE Complete of element al on wall 64
	@NODE 2 >> SFCResiduumODE Complete of element al on wall 64
	@NODE 2 >> ADensResiduumODE Complete of element n on wall 64
	@NODE 2 >> SFCResiduumODE Complete of element n on wall 64
	@NODE 2 >> ADensResiduumODE Complete of element w on wall 64
	@NODE 2 >> SFCResiduumODE Complete of element w on wall 64
		@NODE 2 >> BuildFluxExpressions completed Charge 0 of element al on wall 64
		@NODE 2 >> BuildFluxExpressions completed Charge 1 of element al on wall 64
		@NODE 2 >> BuildFluxExpressions completed Charge 2 of element al on wall 64
		@NODE 2 >> BuildFluxExpressions completed Charge 3 of element al on wall 64
		@NODE 2 >> BuildFluxExpressions completed Charge 0 of element n on wall 64
		@NODE 2 >> BuildFluxExpressions completed Charge 1 of element n on wall 64
		@NODE 2 >> BuildFluxExpressions completed Charge 2 of element n on wall 64
		@NODE 2 >> BuildFluxExpressions completed Charge 3 of element n on wall 64
		@NODE 2 >> BuildFluxExpressions completed Charge 0 of element w on wall 64
		@NODE 2 >> BuildFluxExpressions completed Charge 1 of element w on wall 64
		@NODE 2 >> BuildFluxExpressions completed Charge 2 of element w on wall 64
		@NODE 2 >> BuildFluxExpressions completed Charge 3 of element w on wall 64
		@NODE 2 >>Last wall element took 12.821 (ms) for 0 non-zero elements-> ETA: ~ 51.282 (ms) 
	@NODE 2 >> ADensResiduumODE Complete of element al on wall 65
	@NODE 2 >> SFCResiduumODE Complete of element al on wall 65
	@NODE 2 >> ADensResiduumODE Complete of element n on wall 65
	@NODE 2 >> SFCResiduumODE Complete of element n on wall 65
	@NODE 2 >> ADensResiduumODE Complete of element w on wall 65
	@NODE 2 >> SFCResiduumODE Complete of element w on wall 65
		@NODE 2 >> BuildFluxExpressions completed Charge 0 of element al on wall 65
		@NODE 2 >> BuildFluxExpressions completed Charge 1 of element al on wall 65
		@NODE 2 >> BuildFluxExpressions completed Charge 2 of element al on wall 65
		@NODE 2 >> BuildFluxExpressions completed Charge 3 of element al on wall 65
		@NODE 2 >> BuildFluxExpressions completed Charge 0 of element n on wall 65
		@NODE 2 >> BuildFluxExpressions completed Charge 1 of element n on wall 65
		@NODE 2 >> BuildFluxExpressions completed Charge 2 of element n on wall 65
		@NODE 2 >> BuildFluxExpressions completed Charge 3 of element n on wall 65
		@NODE 2 >> BuildFluxExpressions completed Charge 0 of element w on wall 65
		@NODE 2 >> BuildFluxExpressions completed Charge 1 of element w on wall 65
		@NODE 2 >> BuildFluxExpressions completed Charge 2 of element w on wall 65
		@NODE 2 >> BuildFluxExpressions completed Charge 3 of element w on wall 65
		@NODE 2 >>Last wall element took 12.626 (ms) for 0 non-zero elements-> ETA: ~ 37.878 (ms) 
	@NODE 2 >> ADensResiduumODE Complete of element al on wall 66
	@NODE 2 >> SFCResiduumODE Complete of element al on wall 66
	@NODE 2 >> ADensResiduumODE Complete of element n on wall 66
	@NODE 2 >> SFCResiduumODE Complete of element n on wall 66
	@NODE 2 >> ADensResiduumODE Complete of element w on wall 66
	@NODE 2 >> SFCResiduumODE Complete of element w on wall 66
		@NODE 2 >> BuildFluxExpressions completed Charge 0 of element al on wall 66
		@NODE 2 >> BuildFluxExpressions completed Charge 1 of element al on wall 66
		@NODE 2 >> BuildFluxExpressions completed Charge 2 of element al on wall 66
		@NODE 2 >> BuildFluxExpressions completed Charge 3 of element al on wall 66
		@NODE 2 >> BuildFluxExpressions completed Charge 0 of element n on wall 66
		@NODE 2 >> BuildFluxExpressions completed Charge 1 of element n on wall 66
		@NODE 2 >> BuildFluxExpressions completed Charge 2 of element n on wall 66
		@NODE 2 >> BuildFluxExpressions completed Charge 3 of element n on wall 66
		@NODE 2 >> BuildFluxExpressions completed Charge 0 of element w on wall 66
		@NODE 2 >> BuildFluxExpressions completed Charge 1 of element w on wall 66
		@NODE 2 >> BuildFluxExpressions completed Charge 2 of element w on wall 66
		@NODE 2 >> BuildFluxExpressions completed Charge 3 of element w on wall 66
		@NODE 2 >>Last wall element took 13.297 (ms) for 0 non-zero elements-> ETA: ~ 26.595 (ms) 
	@NODE 2 >> ADensResiduumODE Complete of element al on wall 67
	@NODE 2 >> SFCResiduumODE Complete of element al on wall 67
	@NODE 2 >> ADensResiduumODE Complete of element n on wall 67
	@NODE 2 >> SFCResiduumODE Complete of element n on wall 67
	@NODE 2 >> ADensResiduumODE Complete of element w on wall 67
	@NODE 2 >> SFCResiduumODE Complete of element w on wall 67
		@NODE 2 >> BuildFluxExpressions completed Charge 0 of element al on wall 67
		@NODE 2 >> BuildFluxExpressions completed Charge 1 of element al on wall 67
		@NODE 2 >> BuildFluxExpressions completed Charge 2 of element al on wall 67
		@NODE 2 >> BuildFluxExpressions completed Charge 3 of element al on wall 67
		@NODE 2 >> BuildFluxExpressions completed Charge 0 of element n on wall 67
		@NODE 2 >> BuildFluxExpressions completed Charge 1 of element n on wall 67
		@NODE 2 >> BuildFluxExpressions completed Charge 2 of element n on wall 67
		@NODE 2 >> BuildFluxExpressions completed Charge 3 of element n on wall 67
		@NODE 2 >> BuildFluxExpressions completed Charge 0 of element w on wall 67
		@NODE 2 >> BuildFluxExpressions completed Charge 1 of element w on wall 67
		@NODE 2 >> BuildFluxExpressions completed Charge 2 of element w on wall 67
		@NODE 2 >> BuildFluxExpressions completed Charge 3 of element w on wall 67
		@NODE 2 >>Last wall element took 13.022 (ms) for 0 non-zero elements-> ETA: ~ 13.022 (ms) 
	@NODE 2 >> ADensResiduumODE Complete of element al on wall 68
	@NODE 2 >> SFCResiduumODE Complete of element al on wall 68
	@NODE 2 >> ADensResiduumODE Complete of element n on wall 68
	@NODE 2 >> SFCResiduumODE Complete of element n on wall 68
	@NODE 2 >> ADensResiduumODE Complete of element w on wall 68
	@NODE 2 >> SFCResiduumODE Complete of element w on wall 68
		@NODE 2 >> BuildFluxExpressions completed Charge 0 of element al on wall 68
		@NODE 2 >> BuildFluxExpressions completed Charge 1 of element al on wall 68
		@NODE 2 >> BuildFluxExpressions completed Charge 2 of element al on wall 68
		@NODE 2 >> BuildFluxExpressions completed Charge 3 of element al on wall 68
		@NODE 2 >> BuildFluxExpressions completed Charge 0 of element n on wall 68
		@NODE 2 >> BuildFluxExpressions completed Charge 1 of element n on wall 68
		@NODE 2 >> BuildFluxExpressions completed Charge 2 of element n on wall 68
		@NODE 2 >> BuildFluxExpressions completed Charge 3 of element n on wall 68
		@NODE 2 >> BuildFluxExpressions completed Charge 0 of element w on wall 68
		@NODE 2 >> BuildFluxExpressions completed Charge 1 of element w on wall 68
		@NODE 2 >> BuildFluxExpressions completed Charge 2 of element w on wall 68
		@NODE 2 >> BuildFluxExpressions completed Charge 3 of element w on wall 68
		@NODE 2 >>Last wall element took 12.397 (ms) for 0 non-zero elements-> ETA: ~ 0.000 (ms) 
		@NODE 2 >> BuildFluxExpressions yielded 0 non zero matrix entries compared to 1272384 possible matrix entries
@NODE 2 >>>>>>>>> Equation setup complete (480.750 (ms)) <<<<<<<<<<<<<<<
@NODE 2 Compressing string representations in linear system only
@NODE 2 Skipping linear system setup
@NODE: 2 >> walldyn_setup (WTD: MODEL & RUNTIME) returned with code 0 after 2.13355 (sec.)
