This is WallDYN using C++ and pyWallDYN generated equations, C2017 K. Schmid
Current working directory:
	"/home/cloud/code/pyWallDYN/GITR_Coupling/cases/D_N_Al_W"
Command line argument listing:
	Argument 0: /home/cloud/code/pyWallDYN/setupMPI/release/walldyn_setup_MPI
	Argument 1: --input
	Argument 2: GITR_ProtoEmpex_W_N_Al.xml
	Argument 3: --wtd
	Argument 4: modelandruntime
	Argument 5: --minfloat
	Argument 6: 1.0E-14
	Argument 7: --valjac
	Argument 8: 0
	Argument 9: --verbostiy
	Argument 10: 0
	Argument 11: --compress
	Argument 12: 0
	Argument 13: --dolsys
	Argument 14: 0
Storing output files at 
Initial flux linear system will NOT be generated
Generating raw, uncompressed XML
Syncing string representations every 100000 string to conserve memory on non root nodes
NOT validating jacobian expressions
This is a RELEASE build!
	verbostiy level 0
Generating WallDYN model from GITR_ProtoEmpex_W_N_Al.xml
INFO->No linear system generation requested@NODE 0 >> Start parsing XML input
Parsed ElementData resulting in 4 elements
	INFO::Sequence of accumulating elements:
		WallDYN accumulating element number 0 with ID 1 name al
		WallDYN accumulating element number 1 with ID 2 name n
		WallDYN accumulating element number 2 with ID 3 name w
Parsed a WDWallModel2D entry with 94 wall tiles
Parsed per wall data for 94 wall tiles
Parsed IRedepModel ConstantWallPlasmaModel 
Parsed WDTimeDepTableFunc for 0 tables
Parsed WDSurfaceModelRZBulk1 surface model matrix for 4 elements on 94 wall tiles
Parsed WDEnergyModelSheath for element 0
Parsed WDEnergyModelSheath for element 1
Parsed WDEnergyModelSheath for element 2
Parsed WDEnergyModelSheath for element 3
INFO-->WDRedeposition::ParseXML->Using numeric (not symbolic) redeposition matrix values
Parsed redep matrix for element #1 with 4 charge states
Parsed redep matrix for element #2 with 4 charge states
Parsed redep matrix for element #3 with 4 charge states
Parsed redep matrix for 3 elements
Parsed IRedepModel WDRedeposition1 
INFO::sylddbentry4->Storing projectile d <-> WDID 0 / target al <-> WDID 1
INFO::sylddbentry4->Storing projectile d <-> WDID 0 / target n <-> WDID 2
INFO::sylddbentry4->Storing projectile d <-> WDID 0 / target w <-> WDID 3
INFO::sylddbentry4->Storing projectile al <-> WDID 1 / target al <-> WDID 1
INFO::sylddbentry4->Storing projectile al <-> WDID 1 / target n <-> WDID 2
INFO::sylddbentry4->Storing projectile al <-> WDID 1 / target w <-> WDID 3
INFO::sylddbentry4->Storing projectile n <-> WDID 2 / target al <-> WDID 1
INFO::sylddbentry4->Storing projectile n <-> WDID 2 / target n <-> WDID 2
INFO::sylddbentry4->Storing projectile n <-> WDID 2 / target w <-> WDID 3
INFO::sylddbentry4->Storing projectile w <-> WDID 3 / target al <-> WDID 1
INFO::sylddbentry4->Storing projectile w <-> WDID 3 / target n <-> WDID 2
INFO::sylddbentry4->Storing projectile w <-> WDID 3 / target w <-> WDID 3
INFO::sylddbentry4->Accumulating element number 0 in simulation corresponds to target element number 0 (al) in the sputter db
INFO::sylddbentry4->Accumulating element number 1 in simulation corresponds to target element number 1 (n) in the sputter db
INFO::sylddbentry4->Accumulating element number 2 in simulation corresponds to target element number 2 (w) in the sputter db
Parsed ISYieldModel WDSYieldModel4
INFO::rylddbentry4->Storing projectile d <-> WDID 0
INFO::rylddbentry4->Storing projectile al <-> WDID 1
INFO::rylddbentry4->Storing projectile n <-> WDID 2
INFO::rylddbentry4->Storing projectile w <-> WDID 3
Parsed IReflModel WDRYieldModel4@NODE 0 >> Completed parsing XML input
Merge targets with sputter & reflection models:
	Element #1 using erosion model WDSYieldModel4
	Element #2 using erosion model WDSYieldModel4
	Element #3 using erosion model WDSYieldModel4
	Element #1 using reflection model WDRYieldModel4
	Element #2 using reflection model WDRYieldModel4
	Element #3 using reflection model WDRYieldModel4
WallDYN accumulating element #0 = al matches accumulating element #0 = al from  model WDSYieldModel4
WallDYN accumulating element #1 = n matches accumulating element #1 = n from  model WDSYieldModel4
WallDYN accumulating element #2 = w matches accumulating element #2 = w from  model WDSYieldModel4
Element d has the same WallDYN ID 0 in the model WDSYieldModel4Element al has the same WallDYN ID 1 in the model WDSYieldModel4Element n has the same WallDYN ID 2 in the model WDSYieldModel4Element w has the same WallDYN ID 3 in the model WDSYieldModel4WallDYN accumulating element #0 = al matches accumulating element #0 = al from  model WDRYieldModel4
WallDYN accumulating element #1 = n matches accumulating element #1 = n from  model WDRYieldModel4
WallDYN accumulating element #2 = w matches accumulating element #2 = w from  model WDRYieldModel4
Element d has the same WallDYN ID 0 in the model WDRYieldModel4Element al has the same WallDYN ID 1 in the model WDRYieldModel4Element n has the same WallDYN ID 2 in the model WDRYieldModel4Element w has the same WallDYN ID 3 in the model WDRYieldModel4WallDYN accumulating element #0 = al matches accumulating element #0 = al from  model WDSYieldModel4
WallDYN accumulating element #1 = n matches accumulating element #1 = n from  model WDSYieldModel4
WallDYN accumulating element #2 = w matches accumulating element #2 = w from  model WDSYieldModel4
Element d has the same WallDYN ID 0 in the model WDSYieldModel4Element al has the same WallDYN ID 1 in the model WDSYieldModel4Element n has the same WallDYN ID 2 in the model WDSYieldModel4Element w has the same WallDYN ID 3 in the model WDSYieldModel4WallDYN accumulating element #0 = al matches accumulating element #0 = al from  model WDRYieldModel4
WallDYN accumulating element #1 = n matches accumulating element #1 = n from  model WDRYieldModel4
WallDYN accumulating element #2 = w matches accumulating element #2 = w from  model WDRYieldModel4
Element d has the same WallDYN ID 0 in the model WDRYieldModel4Element al has the same WallDYN ID 1 in the model WDRYieldModel4Element n has the same WallDYN ID 2 in the model WDRYieldModel4Element w has the same WallDYN ID 3 in the model WDRYieldModel4WallDYN accumulating element #0 = al matches accumulating element #0 = al from  model WDSYieldModel4
WallDYN accumulating element #1 = n matches accumulating element #1 = n from  model WDSYieldModel4
WallDYN accumulating element #2 = w matches accumulating element #2 = w from  model WDSYieldModel4
Element d has the same WallDYN ID 0 in the model WDSYieldModel4Element al has the same WallDYN ID 1 in the model WDSYieldModel4Element n has the same WallDYN ID 2 in the model WDSYieldModel4Element w has the same WallDYN ID 3 in the model WDSYieldModel4WallDYN accumulating element #0 = al matches accumulating element #0 = al from  model WDRYieldModel4
WallDYN accumulating element #1 = n matches accumulating element #1 = n from  model WDRYieldModel4
WallDYN accumulating element #2 = w matches accumulating element #2 = w from  model WDRYieldModel4
Element d has the same WallDYN ID 0 in the model WDRYieldModel4Element al has the same WallDYN ID 1 in the model WDRYieldModel4Element n has the same WallDYN ID 2 in the model WDRYieldModel4Element w has the same WallDYN ID 3 in the model WDRYieldModel4				Handling WDRedeposition::build_dynflux_list()
				build_dynflux_list() Completed
Distributing 94 wall elements over 4 nodes (wallsperproc = 23)
Wall indices to be processed per pid: 
	0 handles 0 -> 22
	1 handles 23 -> 45
	2 handles 46 -> 68
	3 handles 69 -> 93
Building Composition ODE for 3 elements and flux linear system with dimension 12
Node 0 handling wall elements from 0 to 22
	@NODE 0 >> ErosionFlux Complete of element al on wall 0
	@NODE 0 >> ReflectedFlux Complete of element al on wall 0
	@NODE 0 >> ErosionFlux Complete of element n on wall 0
	@NODE 0 >> ReflectedFlux Complete of element n on wall 0
	@NODE 0 >> ErosionFlux Complete of element w on wall 0
	@NODE 0 >> ReflectedFlux Complete of element w on wall 0
	@NODE 0 >> ErosionFlux Complete of element al on wall 1
	@NODE 0 >> ReflectedFlux Complete of element al on wall 1
	@NODE 0 >> ErosionFlux Complete of element n on wall 1
	@NODE 0 >> ReflectedFlux Complete of element n on wall 1
	@NODE 0 >> ErosionFlux Complete of element w on wall 1
	@NODE 0 >> ReflectedFlux Complete of element w on wall 1
	@NODE 0 >> ErosionFlux Complete of element al on wall 2
	@NODE 0 >> ReflectedFlux Complete of element al on wall 2
	@NODE 0 >> ErosionFlux Complete of element n on wall 2
	@NODE 0 >> ReflectedFlux Complete of element n on wall 2
	@NODE 0 >> ErosionFlux Complete of element w on wall 2
	@NODE 0 >> ReflectedFlux Complete of element w on wall 2
	@NODE 0 >> ErosionFlux Complete of element al on wall 3
	@NODE 0 >> ReflectedFlux Complete of element al on wall 3
	@NODE 0 >> ErosionFlux Complete of element n on wall 3
	@NODE 0 >> ReflectedFlux Complete of element n on wall 3
	@NODE 0 >> ErosionFlux Complete of element w on wall 3
	@NODE 0 >> ReflectedFlux Complete of element w on wall 3
	@NODE 0 >> ErosionFlux Complete of element al on wall 4
	@NODE 0 >> ReflectedFlux Complete of element al on wall 4
	@NODE 0 >> ErosionFlux Complete of element n on wall 4
	@NODE 0 >> ReflectedFlux Complete of element n on wall 4
	@NODE 0 >> ErosionFlux Complete of element w on wall 4
	@NODE 0 >> ReflectedFlux Complete of element w on wall 4
	@NODE 0 >> ErosionFlux Complete of element al on wall 5
	@NODE 0 >> ReflectedFlux Complete of element al on wall 5
	@NODE 0 >> ErosionFlux Complete of element n on wall 5
	@NODE 0 >> ReflectedFlux Complete of element n on wall 5
	@NODE 0 >> ErosionFlux Complete of element w on wall 5
	@NODE 0 >> ReflectedFlux Complete of element w on wall 5
	@NODE 0 >> ErosionFlux Complete of element al on wall 6
	@NODE 0 >> ReflectedFlux Complete of element al on wall 6
	@NODE 0 >> ErosionFlux Complete of element n on wall 6
	@NODE 0 >> ReflectedFlux Complete of element n on wall 6
	@NODE 0 >> ErosionFlux Complete of element w on wall 6
	@NODE 0 >> ReflectedFlux Complete of element w on wall 6
	@NODE 0 >> ErosionFlux Complete of element al on wall 7
	@NODE 0 >> ReflectedFlux Complete of element al on wall 7
	@NODE 0 >> ErosionFlux Complete of element n on wall 7
	@NODE 0 >> ReflectedFlux Complete of element n on wall 7
	@NODE 0 >> ErosionFlux Complete of element w on wall 7
	@NODE 0 >> ReflectedFlux Complete of element w on wall 7
	@NODE 0 >> ErosionFlux Complete of element al on wall 8
	@NODE 0 >> ReflectedFlux Complete of element al on wall 8
	@NODE 0 >> ErosionFlux Complete of element n on wall 8
	@NODE 0 >> ReflectedFlux Complete of element n on wall 8
	@NODE 0 >> ErosionFlux Complete of element w on wall 8
	@NODE 0 >> ReflectedFlux Complete of element w on wall 8
	@NODE 0 >> ErosionFlux Complete of element al on wall 9
	@NODE 0 >> ReflectedFlux Complete of element al on wall 9
	@NODE 0 >> ErosionFlux Complete of element n on wall 9
	@NODE 0 >> ReflectedFlux Complete of element n on wall 9
	@NODE 0 >> ErosionFlux Complete of element w on wall 9
	@NODE 0 >> ReflectedFlux Complete of element w on wall 9
	@NODE 0 >> ErosionFlux Complete of element al on wall 10
	@NODE 0 >> ReflectedFlux Complete of element al on wall 10
	@NODE 0 >> ErosionFlux Complete of element n on wall 10
	@NODE 0 >> ReflectedFlux Complete of element n on wall 10
	@NODE 0 >> ErosionFlux Complete of element w on wall 10
	@NODE 0 >> ReflectedFlux Complete of element w on wall 10
	@NODE 0 >> ErosionFlux Complete of element al on wall 11
	@NODE 0 >> ReflectedFlux Complete of element al on wall 11
	@NODE 0 >> ErosionFlux Complete of element n on wall 11
	@NODE 0 >> ReflectedFlux Complete of element n on wall 11
	@NODE 0 >> ErosionFlux Complete of element w on wall 11
	@NODE 0 >> ReflectedFlux Complete of element w on wall 11
	@NODE 0 >> ErosionFlux Complete of element al on wall 12
	@NODE 0 >> ReflectedFlux Complete of element al on wall 12
	@NODE 0 >> ErosionFlux Complete of element n on wall 12
	@NODE 0 >> ReflectedFlux Complete of element n on wall 12
	@NODE 0 >> ErosionFlux Complete of element w on wall 12
	@NODE 0 >> ReflectedFlux Complete of element w on wall 12
	@NODE 0 >> ErosionFlux Complete of element al on wall 13
	@NODE 0 >> ReflectedFlux Complete of element al on wall 13
	@NODE 0 >> ErosionFlux Complete of element n on wall 13
	@NODE 0 >> ReflectedFlux Complete of element n on wall 13
	@NODE 0 >> ErosionFlux Complete of element w on wall 13
	@NODE 0 >> ReflectedFlux Complete of element w on wall 13
	@NODE 0 >> ErosionFlux Complete of element al on wall 14
	@NODE 0 >> ReflectedFlux Complete of element al on wall 14
	@NODE 0 >> ErosionFlux Complete of element n on wall 14
	@NODE 0 >> ReflectedFlux Complete of element n on wall 14
	@NODE 0 >> ErosionFlux Complete of element w on wall 14
	@NODE 0 >> ReflectedFlux Complete of element w on wall 14
	@NODE 0 >> ErosionFlux Complete of element al on wall 15
	@NODE 0 >> ReflectedFlux Complete of element al on wall 15
	@NODE 0 >> ErosionFlux Complete of element n on wall 15
	@NODE 0 >> ReflectedFlux Complete of element n on wall 15
	@NODE 0 >> ErosionFlux Complete of element w on wall 15
	@NODE 0 >> ReflectedFlux Complete of element w on wall 15
	@NODE 0 >> ErosionFlux Complete of element al on wall 16
	@NODE 0 >> ReflectedFlux Complete of element al on wall 16
	@NODE 0 >> ErosionFlux Complete of element n on wall 16
	@NODE 0 >> ReflectedFlux Complete of element n on wall 16
	@NODE 0 >> ErosionFlux Complete of element w on wall 16
	@NODE 0 >> ReflectedFlux Complete of element w on wall 16
	@NODE 0 >> ErosionFlux Complete of element al on wall 17
	@NODE 0 >> ReflectedFlux Complete of element al on wall 17
	@NODE 0 >> ErosionFlux Complete of element n on wall 17
	@NODE 0 >> ReflectedFlux Complete of element n on wall 17
	@NODE 0 >> ErosionFlux Complete of element w on wall 17
	@NODE 0 >> ReflectedFlux Complete of element w on wall 17
	@NODE 0 >> ErosionFlux Complete of element al on wall 18
	@NODE 0 >> ReflectedFlux Complete of element al on wall 18
	@NODE 0 >> ErosionFlux Complete of element n on wall 18
	@NODE 0 >> ReflectedFlux Complete of element n on wall 18
	@NODE 0 >> ErosionFlux Complete of element w on wall 18
	@NODE 0 >> ReflectedFlux Complete of element w on wall 18
	@NODE 0 >> ErosionFlux Complete of element al on wall 19
	@NODE 0 >> ReflectedFlux Complete of element al on wall 19
	@NODE 0 >> ErosionFlux Complete of element n on wall 19
	@NODE 0 >> ReflectedFlux Complete of element n on wall 19
	@NODE 0 >> ErosionFlux Complete of element w on wall 19
	@NODE 0 >> ReflectedFlux Complete of element w on wall 19
	@NODE 0 >> ErosionFlux Complete of element al on wall 20
	@NODE 0 >> ReflectedFlux Complete of element al on wall 20
	@NODE 0 >> ErosionFlux Complete of element n on wall 20
	@NODE 0 >> ReflectedFlux Complete of element n on wall 20
	@NODE 0 >> ErosionFlux Complete of element w on wall 20
	@NODE 0 >> ReflectedFlux Complete of element w on wall 20
	@NODE 0 >> ErosionFlux Complete of element al on wall 21
	@NODE 0 >> ReflectedFlux Complete of element al on wall 21
	@NODE 0 >> ErosionFlux Complete of element n on wall 21
	@NODE 0 >> ReflectedFlux Complete of element n on wall 21
	@NODE 0 >> ErosionFlux Complete of element w on wall 21
	@NODE 0 >> ReflectedFlux Complete of element w on wall 21
	@NODE 0 >> ErosionFlux Complete of element al on wall 22
	@NODE 0 >> ReflectedFlux Complete of element al on wall 22
	@NODE 0 >> ErosionFlux Complete of element n on wall 22
	@NODE 0 >> ReflectedFlux Complete of element n on wall 22
	@NODE 0 >> ErosionFlux Complete of element w on wall 22
	@NODE 0 >> ReflectedFlux Complete of element w on wall 22
	@NODE 0 >> ADensResiduumODE Complete of element al on wall 0
	@NODE 0 >> SFCResiduumODE Complete of element al on wall 0
	@NODE 0 >> ADensResiduumODE Complete of element n on wall 0
	@NODE 0 >> SFCResiduumODE Complete of element n on wall 0
	@NODE 0 >> ADensResiduumODE Complete of element w on wall 0
	@NODE 0 >> SFCResiduumODE Complete of element w on wall 0
		@NODE 0 >> BuildFluxExpressions completed Charge 0 of element al on wall 0
		@NODE 0 >> BuildFluxExpressions completed Charge 1 of element al on wall 0
		@NODE 0 >> BuildFluxExpressions completed Charge 2 of element al on wall 0
		@NODE 0 >> BuildFluxExpressions completed Charge 3 of element al on wall 0
		@NODE 0 >> BuildFluxExpressions completed Charge 0 of element n on wall 0
		@NODE 0 >> BuildFluxExpressions completed Charge 1 of element n on wall 0
		@NODE 0 >> BuildFluxExpressions completed Charge 2 of element n on wall 0
		@NODE 0 >> BuildFluxExpressions completed Charge 3 of element n on wall 0
		@NODE 0 >> BuildFluxExpressions completed Charge 0 of element w on wall 0
		@NODE 0 >> BuildFluxExpressions completed Charge 1 of element w on wall 0
		@NODE 0 >> BuildFluxExpressions completed Charge 2 of element w on wall 0
		@NODE 0 >> BuildFluxExpressions completed Charge 3 of element w on wall 0
		@NODE 0 >>Last wall element took 15.036 (ms) for 0 non-zero elements-> ETA: ~ 330.801 (ms) 
	@NODE 0 >> ADensResiduumODE Complete of element al on wall 1
	@NODE 0 >> SFCResiduumODE Complete of element al on wall 1
	@NODE 0 >> ADensResiduumODE Complete of element n on wall 1
	@NODE 0 >> SFCResiduumODE Complete of element n on wall 1
	@NODE 0 >> ADensResiduumODE Complete of element w on wall 1
	@NODE 0 >> SFCResiduumODE Complete of element w on wall 1
		@NODE 0 >> BuildFluxExpressions completed Charge 0 of element al on wall 1
		@NODE 0 >> BuildFluxExpressions completed Charge 1 of element al on wall 1
		@NODE 0 >> BuildFluxExpressions completed Charge 2 of element al on wall 1
		@NODE 0 >> BuildFluxExpressions completed Charge 3 of element al on wall 1
		@NODE 0 >> BuildFluxExpressions completed Charge 0 of element n on wall 1
		@NODE 0 >> BuildFluxExpressions completed Charge 1 of element n on wall 1
		@NODE 0 >> BuildFluxExpressions completed Charge 2 of element n on wall 1
		@NODE 0 >> BuildFluxExpressions completed Charge 3 of element n on wall 1
		@NODE 0 >> BuildFluxExpressions completed Charge 0 of element w on wall 1
		@NODE 0 >> BuildFluxExpressions completed Charge 1 of element w on wall 1
		@NODE 0 >> BuildFluxExpressions completed Charge 2 of element w on wall 1
		@NODE 0 >> BuildFluxExpressions completed Charge 3 of element w on wall 1
		@NODE 0 >>Last wall element took 12.774 (ms) for 0 non-zero elements-> ETA: ~ 268.257 (ms) 
	@NODE 0 >> ADensResiduumODE Complete of element al on wall 2
	@NODE 0 >> SFCResiduumODE Complete of element al on wall 2
	@NODE 0 >> ADensResiduumODE Complete of element n on wall 2
	@NODE 0 >> SFCResiduumODE Complete of element n on wall 2
	@NODE 0 >> ADensResiduumODE Complete of element w on wall 2
	@NODE 0 >> SFCResiduumODE Complete of element w on wall 2
		@NODE 0 >> BuildFluxExpressions completed Charge 0 of element al on wall 2
		@NODE 0 >> BuildFluxExpressions completed Charge 1 of element al on wall 2
		@NODE 0 >> BuildFluxExpressions completed Charge 2 of element al on wall 2
		@NODE 0 >> BuildFluxExpressions completed Charge 3 of element al on wall 2
		@NODE 0 >> BuildFluxExpressions completed Charge 0 of element n on wall 2
		@NODE 0 >> BuildFluxExpressions completed Charge 1 of element n on wall 2
		@NODE 0 >> BuildFluxExpressions completed Charge 2 of element n on wall 2
		@NODE 0 >> BuildFluxExpressions completed Charge 3 of element n on wall 2
		@NODE 0 >> BuildFluxExpressions completed Charge 0 of element w on wall 2
		@NODE 0 >> BuildFluxExpressions completed Charge 1 of element w on wall 2
		@NODE 0 >> BuildFluxExpressions completed Charge 2 of element w on wall 2
		@NODE 0 >> BuildFluxExpressions completed Charge 3 of element w on wall 2
		@NODE 0 >>Last wall element took 13.275 (ms) for 0 non-zero elements-> ETA: ~ 265.508 (ms) 
	@NODE 0 >> ADensResiduumODE Complete of element al on wall 3
	@NODE 0 >> SFCResiduumODE Complete of element al on wall 3
	@NODE 0 >> ADensResiduumODE Complete of element n on wall 3
	@NODE 0 >> SFCResiduumODE Complete of element n on wall 3
	@NODE 0 >> ADensResiduumODE Complete of element w on wall 3
	@NODE 0 >> SFCResiduumODE Complete of element w on wall 3
		@NODE 0 >> BuildFluxExpressions completed Charge 0 of element al on wall 3
		@NODE 0 >> BuildFluxExpressions completed Charge 1 of element al on wall 3
		@NODE 0 >> BuildFluxExpressions completed Charge 2 of element al on wall 3
		@NODE 0 >> BuildFluxExpressions completed Charge 3 of element al on wall 3
		@NODE 0 >> BuildFluxExpressions completed Charge 0 of element n on wall 3
		@NODE 0 >> BuildFluxExpressions completed Charge 1 of element n on wall 3
		@NODE 0 >> BuildFluxExpressions completed Charge 2 of element n on wall 3
		@NODE 0 >> BuildFluxExpressions completed Charge 3 of element n on wall 3
		@NODE 0 >> BuildFluxExpressions completed Charge 0 of element w on wall 3
		@NODE 0 >> BuildFluxExpressions completed Charge 1 of element w on wall 3
		@NODE 0 >> BuildFluxExpressions completed Charge 2 of element w on wall 3
		@NODE 0 >> BuildFluxExpressions completed Charge 3 of element w on wall 3
		@NODE 0 >>Last wall element took 13.890 (ms) for 0 non-zero elements-> ETA: ~ 263.906 (ms) 
	@NODE 0 >> ADensResiduumODE Complete of element al on wall 4
	@NODE 0 >> SFCResiduumODE Complete of element al on wall 4
	@NODE 0 >> ADensResiduumODE Complete of element n on wall 4
	@NODE 0 >> SFCResiduumODE Complete of element n on wall 4
	@NODE 0 >> ADensResiduumODE Complete of element w on wall 4
	@NODE 0 >> SFCResiduumODE Complete of element w on wall 4
		@NODE 0 >> BuildFluxExpressions completed Charge 0 of element al on wall 4
		@NODE 0 >> BuildFluxExpressions completed Charge 1 of element al on wall 4
		@NODE 0 >> BuildFluxExpressions completed Charge 2 of element al on wall 4
		@NODE 0 >> BuildFluxExpressions completed Charge 3 of element al on wall 4
		@NODE 0 >> BuildFluxExpressions completed Charge 0 of element n on wall 4
		@NODE 0 >> BuildFluxExpressions completed Charge 1 of element n on wall 4
		@NODE 0 >> BuildFluxExpressions completed Charge 2 of element n on wall 4
		@NODE 0 >> BuildFluxExpressions completed Charge 3 of element n on wall 4
		@NODE 0 >> BuildFluxExpressions completed Charge 0 of element w on wall 4
		@NODE 0 >> BuildFluxExpressions completed Charge 1 of element w on wall 4
		@NODE 0 >> BuildFluxExpressions completed Charge 2 of element w on wall 4
		@NODE 0 >> BuildFluxExpressions completed Charge 3 of element w on wall 4
		@NODE 0 >>Last wall element took 13.409 (ms) for 0 non-zero elements-> ETA: ~ 241.363 (ms) 
	@NODE 0 >> ADensResiduumODE Complete of element al on wall 5
	@NODE 0 >> SFCResiduumODE Complete of element al on wall 5
	@NODE 0 >> ADensResiduumODE Complete of element n on wall 5
	@NODE 0 >> SFCResiduumODE Complete of element n on wall 5
	@NODE 0 >> ADensResiduumODE Complete of element w on wall 5
	@NODE 0 >> SFCResiduumODE Complete of element w on wall 5
		@NODE 0 >> BuildFluxExpressions completed Charge 0 of element al on wall 5
		@NODE 0 >> BuildFluxExpressions completed Charge 1 of element al on wall 5
		@NODE 0 >> BuildFluxExpressions completed Charge 2 of element al on wall 5
		@NODE 0 >> BuildFluxExpressions completed Charge 3 of element al on wall 5
		@NODE 0 >> BuildFluxExpressions completed Charge 0 of element n on wall 5
		@NODE 0 >> BuildFluxExpressions completed Charge 1 of element n on wall 5
		@NODE 0 >> BuildFluxExpressions completed Charge 2 of element n on wall 5
		@NODE 0 >> BuildFluxExpressions completed Charge 3 of element n on wall 5
		@NODE 0 >> BuildFluxExpressions completed Charge 0 of element w on wall 5
		@NODE 0 >> BuildFluxExpressions completed Charge 1 of element w on wall 5
		@NODE 0 >> BuildFluxExpressions completed Charge 2 of element w on wall 5
		@NODE 0 >> BuildFluxExpressions completed Charge 3 of element w on wall 5
		@NODE 0 >>Last wall element took 13.160 (ms) for 0 non-zero elements-> ETA: ~ 223.712 (ms) 
	@NODE 0 >> ADensResiduumODE Complete of element al on wall 6
	@NODE 0 >> SFCResiduumODE Complete of element al on wall 6
	@NODE 0 >> ADensResiduumODE Complete of element n on wall 6
	@NODE 0 >> SFCResiduumODE Complete of element n on wall 6
	@NODE 0 >> ADensResiduumODE Complete of element w on wall 6
	@NODE 0 >> SFCResiduumODE Complete of element w on wall 6
		@NODE 0 >> BuildFluxExpressions completed Charge 0 of element al on wall 6
		@NODE 0 >> BuildFluxExpressions completed Charge 1 of element al on wall 6
		@NODE 0 >> BuildFluxExpressions completed Charge 2 of element al on wall 6
		@NODE 0 >> BuildFluxExpressions completed Charge 3 of element al on wall 6
		@NODE 0 >> BuildFluxExpressions completed Charge 0 of element n on wall 6
		@NODE 0 >> BuildFluxExpressions completed Charge 1 of element n on wall 6
		@NODE 0 >> BuildFluxExpressions completed Charge 2 of element n on wall 6
		@NODE 0 >> BuildFluxExpressions completed Charge 3 of element n on wall 6
		@NODE 0 >> BuildFluxExpressions completed Charge 0 of element w on wall 6
		@NODE 0 >> BuildFluxExpressions completed Charge 1 of element w on wall 6
		@NODE 0 >> BuildFluxExpressions completed Charge 2 of element w on wall 6
		@NODE 0 >> BuildFluxExpressions completed Charge 3 of element w on wall 6
		@NODE 0 >>Last wall element took 13.185 (ms) for 0 non-zero elements-> ETA: ~ 210.954 (ms) 
	@NODE 0 >> ADensResiduumODE Complete of element al on wall 7
	@NODE 0 >> SFCResiduumODE Complete of element al on wall 7
	@NODE 0 >> ADensResiduumODE Complete of element n on wall 7
	@NODE 0 >> SFCResiduumODE Complete of element n on wall 7
	@NODE 0 >> ADensResiduumODE Complete of element w on wall 7
	@NODE 0 >> SFCResiduumODE Complete of element w on wall 7
		@NODE 0 >> BuildFluxExpressions completed Charge 0 of element al on wall 7
		@NODE 0 >> BuildFluxExpressions completed Charge 1 of element al on wall 7
		@NODE 0 >> BuildFluxExpressions completed Charge 2 of element al on wall 7
		@NODE 0 >> BuildFluxExpressions completed Charge 3 of element al on wall 7
		@NODE 0 >> BuildFluxExpressions completed Charge 0 of element n on wall 7
		@NODE 0 >> BuildFluxExpressions completed Charge 1 of element n on wall 7
		@NODE 0 >> BuildFluxExpressions completed Charge 2 of element n on wall 7
		@NODE 0 >> BuildFluxExpressions completed Charge 3 of element n on wall 7
		@NODE 0 >> BuildFluxExpressions completed Charge 0 of element w on wall 7
		@NODE 0 >> BuildFluxExpressions completed Charge 1 of element w on wall 7
		@NODE 0 >> BuildFluxExpressions completed Charge 2 of element w on wall 7
		@NODE 0 >> BuildFluxExpressions completed Charge 3 of element w on wall 7
		@NODE 0 >>Last wall element took 13.146 (ms) for 0 non-zero elements-> ETA: ~ 197.186 (ms) 
	@NODE 0 >> ADensResiduumODE Complete of element al on wall 8
	@NODE 0 >> SFCResiduumODE Complete of element al on wall 8
	@NODE 0 >> ADensResiduumODE Complete of element n on wall 8
	@NODE 0 >> SFCResiduumODE Complete of element n on wall 8
	@NODE 0 >> ADensResiduumODE Complete of element w on wall 8
	@NODE 0 >> SFCResiduumODE Complete of element w on wall 8
		@NODE 0 >> BuildFluxExpressions completed Charge 0 of element al on wall 8
		@NODE 0 >> BuildFluxExpressions completed Charge 1 of element al on wall 8
		@NODE 0 >> BuildFluxExpressions completed Charge 2 of element al on wall 8
		@NODE 0 >> BuildFluxExpressions completed Charge 3 of element al on wall 8
		@NODE 0 >> BuildFluxExpressions completed Charge 0 of element n on wall 8
		@NODE 0 >> BuildFluxExpressions completed Charge 1 of element n on wall 8
		@NODE 0 >> BuildFluxExpressions completed Charge 2 of element n on wall 8
		@NODE 0 >> BuildFluxExpressions completed Charge 3 of element n on wall 8
		@NODE 0 >> BuildFluxExpressions completed Charge 0 of element w on wall 8
		@NODE 0 >> BuildFluxExpressions completed Charge 1 of element w on wall 8
		@NODE 0 >> BuildFluxExpressions completed Charge 2 of element w on wall 8
		@NODE 0 >> BuildFluxExpressions completed Charge 3 of element w on wall 8
		@NODE 0 >>Last wall element took 13.165 (ms) for 0 non-zero elements-> ETA: ~ 184.314 (ms) 
	@NODE 0 >> ADensResiduumODE Complete of element al on wall 9
	@NODE 0 >> SFCResiduumODE Complete of element al on wall 9
	@NODE 0 >> ADensResiduumODE Complete of element n on wall 9
	@NODE 0 >> SFCResiduumODE Complete of element n on wall 9
	@NODE 0 >> ADensResiduumODE Complete of element w on wall 9
	@NODE 0 >> SFCResiduumODE Complete of element w on wall 9
		@NODE 0 >> BuildFluxExpressions completed Charge 0 of element al on wall 9
		@NODE 0 >> BuildFluxExpressions completed Charge 1 of element al on wall 9
		@NODE 0 >> BuildFluxExpressions completed Charge 2 of element al on wall 9
		@NODE 0 >> BuildFluxExpressions completed Charge 3 of element al on wall 9
		@NODE 0 >> BuildFluxExpressions completed Charge 0 of element n on wall 9
		@NODE 0 >> BuildFluxExpressions completed Charge 1 of element n on wall 9
		@NODE 0 >> BuildFluxExpressions completed Charge 2 of element n on wall 9
		@NODE 0 >> BuildFluxExpressions completed Charge 3 of element n on wall 9
		@NODE 0 >> BuildFluxExpressions completed Charge 0 of element w on wall 9
		@NODE 0 >> BuildFluxExpressions completed Charge 1 of element w on wall 9
		@NODE 0 >> BuildFluxExpressions completed Charge 2 of element w on wall 9
		@NODE 0 >> BuildFluxExpressions completed Charge 3 of element w on wall 9
		@NODE 0 >>Last wall element took 13.467 (ms) for 0 non-zero elements-> ETA: ~ 175.066 (ms) 
	@NODE 0 >> ADensResiduumODE Complete of element al on wall 10
	@NODE 0 >> SFCResiduumODE Complete of element al on wall 10
	@NODE 0 >> ADensResiduumODE Complete of element n on wall 10
	@NODE 0 >> SFCResiduumODE Complete of element n on wall 10
	@NODE 0 >> ADensResiduumODE Complete of element w on wall 10
	@NODE 0 >> SFCResiduumODE Complete of element w on wall 10
		@NODE 0 >> BuildFluxExpressions completed Charge 0 of element al on wall 10
		@NODE 0 >> BuildFluxExpressions completed Charge 1 of element al on wall 10
		@NODE 0 >> BuildFluxExpressions completed Charge 2 of element al on wall 10
		@NODE 0 >> BuildFluxExpressions completed Charge 3 of element al on wall 10
		@NODE 0 >> BuildFluxExpressions completed Charge 0 of element n on wall 10
		@NODE 0 >> BuildFluxExpressions completed Charge 1 of element n on wall 10
		@NODE 0 >> BuildFluxExpressions completed Charge 2 of element n on wall 10
		@NODE 0 >> BuildFluxExpressions completed Charge 3 of element n on wall 10
		@NODE 0 >> BuildFluxExpressions completed Charge 0 of element w on wall 10
		@NODE 0 >> BuildFluxExpressions completed Charge 1 of element w on wall 10
		@NODE 0 >> BuildFluxExpressions completed Charge 2 of element w on wall 10
		@NODE 0 >> BuildFluxExpressions completed Charge 3 of element w on wall 10
		@NODE 0 >>Last wall element took 13.474 (ms) for 0 non-zero elements-> ETA: ~ 161.684 (ms) 
	@NODE 0 >> ADensResiduumODE Complete of element al on wall 11
	@NODE 0 >> SFCResiduumODE Complete of element al on wall 11
	@NODE 0 >> ADensResiduumODE Complete of element n on wall 11
	@NODE 0 >> SFCResiduumODE Complete of element n on wall 11
	@NODE 0 >> ADensResiduumODE Complete of element w on wall 11
	@NODE 0 >> SFCResiduumODE Complete of element w on wall 11
		@NODE 0 >> BuildFluxExpressions completed Charge 0 of element al on wall 11
		@NODE 0 >> BuildFluxExpressions completed Charge 1 of element al on wall 11
		@NODE 0 >> BuildFluxExpressions completed Charge 2 of element al on wall 11
		@NODE 0 >> BuildFluxExpressions completed Charge 3 of element al on wall 11
		@NODE 0 >> BuildFluxExpressions completed Charge 0 of element n on wall 11
		@NODE 0 >> BuildFluxExpressions completed Charge 1 of element n on wall 11
		@NODE 0 >> BuildFluxExpressions completed Charge 2 of element n on wall 11
		@NODE 0 >> BuildFluxExpressions completed Charge 3 of element n on wall 11
		@NODE 0 >> BuildFluxExpressions completed Charge 0 of element w on wall 11
		@NODE 0 >> BuildFluxExpressions completed Charge 1 of element w on wall 11
		@NODE 0 >> BuildFluxExpressions completed Charge 2 of element w on wall 11
		@NODE 0 >> BuildFluxExpressions completed Charge 3 of element w on wall 11
		@NODE 0 >>Last wall element took 13.573 (ms) for 0 non-zero elements-> ETA: ~ 149.307 (ms) 
	@NODE 0 >> ADensResiduumODE Complete of element al on wall 12
	@NODE 0 >> SFCResiduumODE Complete of element al on wall 12
	@NODE 0 >> ADensResiduumODE Complete of element n on wall 12
	@NODE 0 >> SFCResiduumODE Complete of element n on wall 12
	@NODE 0 >> ADensResiduumODE Complete of element w on wall 12
	@NODE 0 >> SFCResiduumODE Complete of element w on wall 12
		@NODE 0 >> BuildFluxExpressions completed Charge 0 of element al on wall 12
		@NODE 0 >> BuildFluxExpressions completed Charge 1 of element al on wall 12
		@NODE 0 >> BuildFluxExpressions completed Charge 2 of element al on wall 12
		@NODE 0 >> BuildFluxExpressions completed Charge 3 of element al on wall 12
		@NODE 0 >> BuildFluxExpressions completed Charge 0 of element n on wall 12
		@NODE 0 >> BuildFluxExpressions completed Charge 1 of element n on wall 12
		@NODE 0 >> BuildFluxExpressions completed Charge 2 of element n on wall 12
		@NODE 0 >> BuildFluxExpressions completed Charge 3 of element n on wall 12
		@NODE 0 >> BuildFluxExpressions completed Charge 0 of element w on wall 12
		@NODE 0 >> BuildFluxExpressions completed Charge 1 of element w on wall 12
		@NODE 0 >> BuildFluxExpressions completed Charge 2 of element w on wall 12
		@NODE 0 >> BuildFluxExpressions completed Charge 3 of element w on wall 12
		@NODE 0 >>Last wall element took 13.171 (ms) for 0 non-zero elements-> ETA: ~ 131.705 (ms) 
	@NODE 0 >> ADensResiduumODE Complete of element al on wall 13
	@NODE 0 >> SFCResiduumODE Complete of element al on wall 13
	@NODE 0 >> ADensResiduumODE Complete of element n on wall 13
	@NODE 0 >> SFCResiduumODE Complete of element n on wall 13
	@NODE 0 >> ADensResiduumODE Complete of element w on wall 13
	@NODE 0 >> SFCResiduumODE Complete of element w on wall 13
		@NODE 0 >> BuildFluxExpressions completed Charge 0 of element al on wall 13
		@NODE 0 >> BuildFluxExpressions completed Charge 1 of element al on wall 13
		@NODE 0 >> BuildFluxExpressions completed Charge 2 of element al on wall 13
		@NODE 0 >> BuildFluxExpressions completed Charge 3 of element al on wall 13
		@NODE 0 >> BuildFluxExpressions completed Charge 0 of element n on wall 13
		@NODE 0 >> BuildFluxExpressions completed Charge 1 of element n on wall 13
		@NODE 0 >> BuildFluxExpressions completed Charge 2 of element n on wall 13
		@NODE 0 >> BuildFluxExpressions completed Charge 3 of element n on wall 13
		@NODE 0 >> BuildFluxExpressions completed Charge 0 of element w on wall 13
		@NODE 0 >> BuildFluxExpressions completed Charge 1 of element w on wall 13
		@NODE 0 >> BuildFluxExpressions completed Charge 2 of element w on wall 13
		@NODE 0 >> BuildFluxExpressions completed Charge 3 of element w on wall 13
		@NODE 0 >>Last wall element took 12.915 (ms) for 0 non-zero elements-> ETA: ~ 116.237 (ms) 
	@NODE 0 >> ADensResiduumODE Complete of element al on wall 14
	@NODE 0 >> SFCResiduumODE Complete of element al on wall 14
	@NODE 0 >> ADensResiduumODE Complete of element n on wall 14
	@NODE 0 >> SFCResiduumODE Complete of element n on wall 14
	@NODE 0 >> ADensResiduumODE Complete of element w on wall 14
	@NODE 0 >> SFCResiduumODE Complete of element w on wall 14
		@NODE 0 >> BuildFluxExpressions completed Charge 0 of element al on wall 14
		@NODE 0 >> BuildFluxExpressions completed Charge 1 of element al on wall 14
		@NODE 0 >> BuildFluxExpressions completed Charge 2 of element al on wall 14
		@NODE 0 >> BuildFluxExpressions completed Charge 3 of element al on wall 14
		@NODE 0 >> BuildFluxExpressions completed Charge 0 of element n on wall 14
		@NODE 0 >> BuildFluxExpressions completed Charge 1 of element n on wall 14
		@NODE 0 >> BuildFluxExpressions completed Charge 2 of element n on wall 14
		@NODE 0 >> BuildFluxExpressions completed Charge 3 of element n on wall 14
		@NODE 0 >> BuildFluxExpressions completed Charge 0 of element w on wall 14
		@NODE 0 >> BuildFluxExpressions completed Charge 1 of element w on wall 14
		@NODE 0 >> BuildFluxExpressions completed Charge 2 of element w on wall 14
		@NODE 0 >> BuildFluxExpressions completed Charge 3 of element w on wall 14
		@NODE 0 >>Last wall element took 12.480 (ms) for 0 non-zero elements-> ETA: ~ 99.838 (ms) 
	@NODE 0 >> ADensResiduumODE Complete of element al on wall 15
	@NODE 0 >> SFCResiduumODE Complete of element al on wall 15
	@NODE 0 >> ADensResiduumODE Complete of element n on wall 15
	@NODE 0 >> SFCResiduumODE Complete of element n on wall 15
	@NODE 0 >> ADensResiduumODE Complete of element w on wall 15
	@NODE 0 >> SFCResiduumODE Complete of element w on wall 15
		@NODE 0 >> BuildFluxExpressions completed Charge 0 of element al on wall 15
		@NODE 0 >> BuildFluxExpressions completed Charge 1 of element al on wall 15
		@NODE 0 >> BuildFluxExpressions completed Charge 2 of element al on wall 15
		@NODE 0 >> BuildFluxExpressions completed Charge 3 of element al on wall 15
		@NODE 0 >> BuildFluxExpressions completed Charge 0 of element n on wall 15
		@NODE 0 >> BuildFluxExpressions completed Charge 1 of element n on wall 15
		@NODE 0 >> BuildFluxExpressions completed Charge 2 of element n on wall 15
		@NODE 0 >> BuildFluxExpressions completed Charge 3 of element n on wall 15
		@NODE 0 >> BuildFluxExpressions completed Charge 0 of element w on wall 15
		@NODE 0 >> BuildFluxExpressions completed Charge 1 of element w on wall 15
		@NODE 0 >> BuildFluxExpressions completed Charge 2 of element w on wall 15
		@NODE 0 >> BuildFluxExpressions completed Charge 3 of element w on wall 15
		@NODE 0 >>Last wall element took 12.867 (ms) for 0 non-zero elements-> ETA: ~ 90.070 (ms) 
	@NODE 0 >> ADensResiduumODE Complete of element al on wall 16
	@NODE 0 >> SFCResiduumODE Complete of element al on wall 16
	@NODE 0 >> ADensResiduumODE Complete of element n on wall 16
	@NODE 0 >> SFCResiduumODE Complete of element n on wall 16
	@NODE 0 >> ADensResiduumODE Complete of element w on wall 16
	@NODE 0 >> SFCResiduumODE Complete of element w on wall 16
		@NODE 0 >> BuildFluxExpressions completed Charge 0 of element al on wall 16
		@NODE 0 >> BuildFluxExpressions completed Charge 1 of element al on wall 16
		@NODE 0 >> BuildFluxExpressions completed Charge 2 of element al on wall 16
		@NODE 0 >> BuildFluxExpressions completed Charge 3 of element al on wall 16
		@NODE 0 >> BuildFluxExpressions completed Charge 0 of element n on wall 16
		@NODE 0 >> BuildFluxExpressions completed Charge 1 of element n on wall 16
		@NODE 0 >> BuildFluxExpressions completed Charge 2 of element n on wall 16
		@NODE 0 >> BuildFluxExpressions completed Charge 3 of element n on wall 16
		@NODE 0 >> BuildFluxExpressions completed Charge 0 of element w on wall 16
		@NODE 0 >> BuildFluxExpressions completed Charge 1 of element w on wall 16
		@NODE 0 >> BuildFluxExpressions completed Charge 2 of element w on wall 16
		@NODE 0 >> BuildFluxExpressions completed Charge 3 of element w on wall 16
		@NODE 0 >>Last wall element took 12.758 (ms) for 0 non-zero elements-> ETA: ~ 76.550 (ms) 
	@NODE 0 >> ADensResiduumODE Complete of element al on wall 17
	@NODE 0 >> SFCResiduumODE Complete of element al on wall 17
	@NODE 0 >> ADensResiduumODE Complete of element n on wall 17
	@NODE 0 >> SFCResiduumODE Complete of element n on wall 17
	@NODE 0 >> ADensResiduumODE Complete of element w on wall 17
	@NODE 0 >> SFCResiduumODE Complete of element w on wall 17
		@NODE 0 >> BuildFluxExpressions completed Charge 0 of element al on wall 17
		@NODE 0 >> BuildFluxExpressions completed Charge 1 of element al on wall 17
		@NODE 0 >> BuildFluxExpressions completed Charge 2 of element al on wall 17
		@NODE 0 >> BuildFluxExpressions completed Charge 3 of element al on wall 17
		@NODE 0 >> BuildFluxExpressions completed Charge 0 of element n on wall 17
		@NODE 0 >> BuildFluxExpressions completed Charge 1 of element n on wall 17
		@NODE 0 >> BuildFluxExpressions completed Charge 2 of element n on wall 17
		@NODE 0 >> BuildFluxExpressions completed Charge 3 of element n on wall 17
		@NODE 0 >> BuildFluxExpressions completed Charge 0 of element w on wall 17
		@NODE 0 >> BuildFluxExpressions completed Charge 1 of element w on wall 17
		@NODE 0 >> BuildFluxExpressions completed Charge 2 of element w on wall 17
		@NODE 0 >> BuildFluxExpressions completed Charge 3 of element w on wall 17
		@NODE 0 >>Last wall element took 13.000 (ms) for 0 non-zero elements-> ETA: ~ 65.002 (ms) 
	@NODE 0 >> ADensResiduumODE Complete of element al on wall 18
	@NODE 0 >> SFCResiduumODE Complete of element al on wall 18
	@NODE 0 >> ADensResiduumODE Complete of element n on wall 18
	@NODE 0 >> SFCResiduumODE Complete of element n on wall 18
	@NODE 0 >> ADensResiduumODE Complete of element w on wall 18
	@NODE 0 >> SFCResiduumODE Complete of element w on wall 18
		@NODE 0 >> BuildFluxExpressions completed Charge 0 of element al on wall 18
		@NODE 0 >> BuildFluxExpressions completed Charge 1 of element al on wall 18
		@NODE 0 >> BuildFluxExpressions completed Charge 2 of element al on wall 18
		@NODE 0 >> BuildFluxExpressions completed Charge 3 of element al on wall 18
		@NODE 0 >> BuildFluxExpressions completed Charge 0 of element n on wall 18
		@NODE 0 >> BuildFluxExpressions completed Charge 1 of element n on wall 18
		@NODE 0 >> BuildFluxExpressions completed Charge 2 of element n on wall 18
		@NODE 0 >> BuildFluxExpressions completed Charge 3 of element n on wall 18
		@NODE 0 >> BuildFluxExpressions completed Charge 0 of element w on wall 18
		@NODE 0 >> BuildFluxExpressions completed Charge 1 of element w on wall 18
		@NODE 0 >> BuildFluxExpressions completed Charge 2 of element w on wall 18
		@NODE 0 >> BuildFluxExpressions completed Charge 3 of element w on wall 18
		@NODE 0 >>Last wall element took 13.638 (ms) for 0 non-zero elements-> ETA: ~ 54.552 (ms) 
	@NODE 0 >> ADensResiduumODE Complete of element al on wall 19
	@NODE 0 >> SFCResiduumODE Complete of element al on wall 19
	@NODE 0 >> ADensResiduumODE Complete of element n on wall 19
	@NODE 0 >> SFCResiduumODE Complete of element n on wall 19
	@NODE 0 >> ADensResiduumODE Complete of element w on wall 19
	@NODE 0 >> SFCResiduumODE Complete of element w on wall 19
		@NODE 0 >> BuildFluxExpressions completed Charge 0 of element al on wall 19
		@NODE 0 >> BuildFluxExpressions completed Charge 1 of element al on wall 19
		@NODE 0 >> BuildFluxExpressions completed Charge 2 of element al on wall 19
		@NODE 0 >> BuildFluxExpressions completed Charge 3 of element al on wall 19
		@NODE 0 >> BuildFluxExpressions completed Charge 0 of element n on wall 19
		@NODE 0 >> BuildFluxExpressions completed Charge 1 of element n on wall 19
		@NODE 0 >> BuildFluxExpressions completed Charge 2 of element n on wall 19
		@NODE 0 >> BuildFluxExpressions completed Charge 3 of element n on wall 19
		@NODE 0 >> BuildFluxExpressions completed Charge 0 of element w on wall 19
		@NODE 0 >> BuildFluxExpressions completed Charge 1 of element w on wall 19
		@NODE 0 >> BuildFluxExpressions completed Charge 2 of element w on wall 19
		@NODE 0 >> BuildFluxExpressions completed Charge 3 of element w on wall 19
		@NODE 0 >>Last wall element took 13.044 (ms) for 0 non-zero elements-> ETA: ~ 39.133 (ms) 
	@NODE 0 >> ADensResiduumODE Complete of element al on wall 20
	@NODE 0 >> SFCResiduumODE Complete of element al on wall 20
	@NODE 0 >> ADensResiduumODE Complete of element n on wall 20
	@NODE 0 >> SFCResiduumODE Complete of element n on wall 20
	@NODE 0 >> ADensResiduumODE Complete of element w on wall 20
	@NODE 0 >> SFCResiduumODE Complete of element w on wall 20
		@NODE 0 >> BuildFluxExpressions completed Charge 0 of element al on wall 20
		@NODE 0 >> BuildFluxExpressions completed Charge 1 of element al on wall 20
		@NODE 0 >> BuildFluxExpressions completed Charge 2 of element al on wall 20
		@NODE 0 >> BuildFluxExpressions completed Charge 3 of element al on wall 20
		@NODE 0 >> BuildFluxExpressions completed Charge 0 of element n on wall 20
		@NODE 0 >> BuildFluxExpressions completed Charge 1 of element n on wall 20
		@NODE 0 >> BuildFluxExpressions completed Charge 2 of element n on wall 20
		@NODE 0 >> BuildFluxExpressions completed Charge 3 of element n on wall 20
		@NODE 0 >> BuildFluxExpressions completed Charge 0 of element w on wall 20
		@NODE 0 >> BuildFluxExpressions completed Charge 1 of element w on wall 20
		@NODE 0 >> BuildFluxExpressions completed Charge 2 of element w on wall 20
		@NODE 0 >> BuildFluxExpressions completed Charge 3 of element w on wall 20
		@NODE 0 >>Last wall element took 13.299 (ms) for 0 non-zero elements-> ETA: ~ 26.597 (ms) 
	@NODE 0 >> ADensResiduumODE Complete of element al on wall 21
	@NODE 0 >> SFCResiduumODE Complete of element al on wall 21
	@NODE 0 >> ADensResiduumODE Complete of element n on wall 21
	@NODE 0 >> SFCResiduumODE Complete of element n on wall 21
	@NODE 0 >> ADensResiduumODE Complete of element w on wall 21
	@NODE 0 >> SFCResiduumODE Complete of element w on wall 21
		@NODE 0 >> BuildFluxExpressions completed Charge 0 of element al on wall 21
		@NODE 0 >> BuildFluxExpressions completed Charge 1 of element al on wall 21
		@NODE 0 >> BuildFluxExpressions completed Charge 2 of element al on wall 21
		@NODE 0 >> BuildFluxExpressions completed Charge 3 of element al on wall 21
		@NODE 0 >> BuildFluxExpressions completed Charge 0 of element n on wall 21
		@NODE 0 >> BuildFluxExpressions completed Charge 1 of element n on wall 21
		@NODE 0 >> BuildFluxExpressions completed Charge 2 of element n on wall 21
		@NODE 0 >> BuildFluxExpressions completed Charge 3 of element n on wall 21
		@NODE 0 >> BuildFluxExpressions completed Charge 0 of element w on wall 21
		@NODE 0 >> BuildFluxExpressions completed Charge 1 of element w on wall 21
		@NODE 0 >> BuildFluxExpressions completed Charge 2 of element w on wall 21
		@NODE 0 >> BuildFluxExpressions completed Charge 3 of element w on wall 21
		@NODE 0 >>Last wall element took 13.400 (ms) for 0 non-zero elements-> ETA: ~ 13.400 (ms) 
	@NODE 0 >> ADensResiduumODE Complete of element al on wall 22
	@NODE 0 >> SFCResiduumODE Complete of element al on wall 22
	@NODE 0 >> ADensResiduumODE Complete of element n on wall 22
	@NODE 0 >> SFCResiduumODE Complete of element n on wall 22
	@NODE 0 >> ADensResiduumODE Complete of element w on wall 22
	@NODE 0 >> SFCResiduumODE Complete of element w on wall 22
		@NODE 0 >> BuildFluxExpressions completed Charge 0 of element al on wall 22
		@NODE 0 >> BuildFluxExpressions completed Charge 1 of element al on wall 22
		@NODE 0 >> BuildFluxExpressions completed Charge 2 of element al on wall 22
		@NODE 0 >> BuildFluxExpressions completed Charge 3 of element al on wall 22
		@NODE 0 >> BuildFluxExpressions completed Charge 0 of element n on wall 22
		@NODE 0 >> BuildFluxExpressions completed Charge 1 of element n on wall 22
		@NODE 0 >> BuildFluxExpressions completed Charge 2 of element n on wall 22
		@NODE 0 >> BuildFluxExpressions completed Charge 3 of element n on wall 22
		@NODE 0 >> BuildFluxExpressions completed Charge 0 of element w on wall 22
		@NODE 0 >> BuildFluxExpressions completed Charge 1 of element w on wall 22
		@NODE 0 >> BuildFluxExpressions completed Charge 2 of element w on wall 22
		@NODE 0 >> BuildFluxExpressions completed Charge 3 of element w on wall 22
		@NODE 0 >>Last wall element took 13.539 (ms) for 0 non-zero elements-> ETA: ~ 0.000 (ms) 
		@NODE 0 >> BuildFluxExpressions yielded 0 non zero matrix entries compared to 1272384 possible matrix entries
@NODE 0 >>>>>>>>> Equation setup complete (568.295 (ms)) <<<<<<<<<<<<<<<
@NODE 0 Compressing string representations in linear system only
@NODE 0 Skipping linear system setup
		Loading symbols from ProtoEmpex_cppsymbols.XML
INFO::Redistribution values are numeric --> no runtime storage of contants@NODE: 0 >> walldyn_setup (WTD: MODEL & RUNTIME) returned with code 0 after 2.70291 (sec.)
